0 info it worked if it ends with ok
1 verbose cli [ 'C:\\Users\\ahussein\\.webclipse\\nodejs\\7.10.0\\node.exe',
1 verbose cli   'C:\\Users\\ahussein\\.webclipse\\npm\\3.10.10\\bin\\npm-cli.js',
1 verbose cli   'install' ]
2 info using npm@3.10.10
3 info using node@v7.10.0
4 silly loadCurrentTree Starting
5 silly install loadCurrentTree
6 silly install readLocalPackageData
7 silly install normalizeTree
8 silly loadCurrentTree Finishing
9 silly loadIdealTree Starting
10 silly install loadIdealTree
11 silly cloneCurrentTree Starting
12 silly install cloneCurrentTreeToIdealTree
13 silly cloneCurrentTree Finishing
14 silly loadShrinkwrap Starting
15 silly install loadShrinkwrap
16 silly loadShrinkwrap Finishing
17 silly loadAllDepsIntoIdealTree Starting
18 silly install loadAllDepsIntoIdealTree
19 silly fetchNamedPackageData fsevents
20 silly mapToRegistry name fsevents
21 silly mapToRegistry using default registry
22 silly mapToRegistry registry https://registry.npmjs.org/
23 silly mapToRegistry data Result {
23 silly mapToRegistry   raw: 'fsevents',
23 silly mapToRegistry   scope: null,
23 silly mapToRegistry   escapedName: 'fsevents',
23 silly mapToRegistry   name: 'fsevents',
23 silly mapToRegistry   rawSpec: '',
23 silly mapToRegistry   spec: 'latest',
23 silly mapToRegistry   type: 'tag' }
24 silly mapToRegistry uri https://registry.npmjs.org/fsevents
25 verbose request uri https://registry.npmjs.org/fsevents
26 verbose request no auth needed
27 info attempt registry request try #1 at 11:39:27 AM
28 verbose request id a3a2ef87f28b9e37
29 verbose etag W/"5924f6b0-d606"
30 verbose lastModified Wed, 24 May 2017 02:57:52 GMT
31 http request GET https://registry.npmjs.org/fsevents
32 http 304 https://registry.npmjs.org/fsevents
33 verbose headers { date: 'Thu, 25 May 2017 09:34:33 GMT',
33 verbose headers   via: '1.1 varnish',
33 verbose headers   'cache-control': 'max-age=300',
33 verbose headers   etag: 'W/"5924f6b0-d606"',
33 verbose headers   age: '234',
33 verbose headers   connection: 'keep-alive',
33 verbose headers   'x-served-by': 'cache-hhn1525-HHN',
33 verbose headers   'x-cache': 'HIT',
33 verbose headers   'x-cache-hits': '13',
33 verbose headers   'x-timer': 'S1495704874.813751,VS0,VE0',
33 verbose headers   vary: 'Accept-Encoding' }
34 silly get cb [ 304,
34 silly get   { date: 'Thu, 25 May 2017 09:34:33 GMT',
34 silly get     via: '1.1 varnish',
34 silly get     'cache-control': 'max-age=300',
34 silly get     etag: 'W/"5924f6b0-d606"',
34 silly get     age: '234',
34 silly get     connection: 'keep-alive',
34 silly get     'x-served-by': 'cache-hhn1525-HHN',
34 silly get     'x-cache': 'HIT',
34 silly get     'x-cache-hits': '13',
34 silly get     'x-timer': 'S1495704874.813751,VS0,VE0',
34 silly get     vary: 'Accept-Encoding' } ]
35 verbose etag https://registry.npmjs.org/fsevents from cache
36 verbose get saving fsevents to C:\Users\ahussein\AppData\Roaming\npm-cache\registry.npmjs.org\fsevents\.cache.json
37 verbose correctMkdir C:\Users\ahussein\AppData\Roaming\npm-cache correctMkdir not in flight; initializing
38 silly resolveWithNewModule fsevents@1.1.1 checking installable status
39 silly fetchNamedPackageData fsevents
40 silly mapToRegistry name fsevents
41 silly mapToRegistry using default registry
42 silly mapToRegistry registry https://registry.npmjs.org/
43 silly mapToRegistry data Result {
43 silly mapToRegistry   raw: 'fsevents',
43 silly mapToRegistry   scope: null,
43 silly mapToRegistry   escapedName: 'fsevents',
43 silly mapToRegistry   name: 'fsevents',
43 silly mapToRegistry   rawSpec: '',
43 silly mapToRegistry   spec: 'latest',
43 silly mapToRegistry   type: 'tag' }
44 silly mapToRegistry uri https://registry.npmjs.org/fsevents
45 silly resolveWithNewModule fsevents@1.1.1 checking installable status
46 silly loadAllDepsIntoIdealTree Finishing
47 silly loadIdealTree Finishing
48 silly currentTree product-management@1.0.0
48 silly currentTree +-- @angular/common@2.0.0
48 silly currentTree +-- @angular/compiler@2.0.0
48 silly currentTree +-- @angular/core@2.0.0
48 silly currentTree +-- @angular/forms@2.0.0
48 silly currentTree +-- @angular/http@2.0.0
48 silly currentTree +-- @angular/platform-browser-dynamic@2.0.0
48 silly currentTree +-- @angular/platform-browser@2.0.0
48 silly currentTree +-- @angular/router@3.0.0
48 silly currentTree +-- abbrev@1.1.0
48 silly currentTree +-- accepts@1.3.3
48 silly currentTree +-- acorn-jsx@3.0.1
48 silly currentTree +-- acorn-object-spread@1.0.0
48 silly currentTree +-- acorn@3.3.0
48 silly currentTree +-- after@0.8.1
48 silly currentTree +-- agent-base@2.0.1
48 silly currentTree | `-- semver@5.0.3
48 silly currentTree +-- align-text@0.1.4
48 silly currentTree +-- alter@0.2.0
48 silly currentTree +-- amdefine@1.0.1
48 silly currentTree +-- angular-ide-loader@0.9.13
48 silly currentTree +-- angular-ide@0.9.22
48 silly currentTree | +-- ansi-regex@2.1.1
48 silly currentTree | +-- ansi-styles@2.2.1
48 silly currentTree | +-- chalk@1.1.3
48 silly currentTree | +-- chokidar@1.6.1
48 silly currentTree | +-- debug@2.6.0
48 silly currentTree | +-- fs-extra@2.1.2
48 silly currentTree | +-- has-ansi@2.0.0
48 silly currentTree | +-- jsonfile@2.4.0
48 silly currentTree | +-- ms@0.7.2
48 silly currentTree | +-- rxjs@5.0.1
48 silly currentTree | +-- strip-ansi@3.0.1
48 silly currentTree | `-- supports-color@2.0.0
48 silly currentTree +-- ansi-align@1.1.0
48 silly currentTree +-- ansi-escapes@1.4.0
48 silly currentTree +-- ansi-regex@0.2.1
48 silly currentTree +-- ansi-styles@1.1.0
48 silly currentTree +-- any-promise@1.3.0
48 silly currentTree +-- anymatch@1.3.0
48 silly currentTree +-- archy@1.0.0
48 silly currentTree +-- arr-diff@2.0.0
48 silly currentTree +-- arr-flatten@1.0.3
48 silly currentTree +-- array-equal@1.0.0
48 silly currentTree +-- array-find-index@1.0.2
48 silly currentTree +-- array-uniq@1.0.3
48 silly currentTree +-- array-unique@0.2.1
48 silly currentTree +-- arraybuffer.slice@0.0.6
48 silly currentTree +-- arrify@1.0.1
48 silly currentTree +-- asn1@0.2.3
48 silly currentTree +-- assert-plus@0.2.0
48 silly currentTree +-- ast-traverse@0.1.1
48 silly currentTree +-- ast-types@0.9.6
48 silly currentTree +-- async-disk-cache@1.3.2
48 silly currentTree | +-- minimist@0.0.8
48 silly currentTree | `-- mkdirp@0.5.1
48 silly currentTree +-- async-each-series@0.1.1
48 silly currentTree +-- async-each@1.0.1
48 silly currentTree +-- async@1.5.2
48 silly currentTree +-- asynckit@0.4.0
48 silly currentTree +-- aws-sign2@0.6.0
48 silly currentTree +-- aws4@1.6.0
48 silly currentTree +-- babel-core@5.8.38
48 silly currentTree | +-- ansi-regex@2.1.1
48 silly currentTree | +-- ansi-styles@2.2.1
48 silly currentTree | +-- bluebird@2.11.0
48 silly currentTree | +-- chalk@1.1.3
48 silly currentTree | +-- core-js@1.2.7
48 silly currentTree | +-- detect-indent@3.0.1
48 silly currentTree | +-- has-ansi@2.0.0
48 silly currentTree | +-- js-tokens@1.0.1
48 silly currentTree | +-- lodash@3.10.1
48 silly currentTree | +-- minimatch@2.0.10
48 silly currentTree | +-- path-exists@1.0.0
48 silly currentTree | +-- repeating@1.1.3
48 silly currentTree | +-- strip-ansi@3.0.1
48 silly currentTree | `-- supports-color@2.0.0
48 silly currentTree +-- babel-plugin-constant-folding@1.0.1
48 silly currentTree +-- babel-plugin-dead-code-elimination@1.0.2
48 silly currentTree +-- babel-plugin-eval@1.0.1
48 silly currentTree +-- babel-plugin-inline-environment-variables@1.0.1
48 silly currentTree +-- babel-plugin-jscript@1.0.4
48 silly currentTree +-- babel-plugin-member-expression-literals@1.0.1
48 silly currentTree +-- babel-plugin-property-literals@1.0.1
48 silly currentTree +-- babel-plugin-proto-to-assign@1.0.4
48 silly currentTree | `-- lodash@3.10.1
48 silly currentTree +-- babel-plugin-react-constant-elements@1.0.3
48 silly currentTree +-- babel-plugin-react-display-name@1.0.3
48 silly currentTree +-- babel-plugin-remove-console@1.0.1
48 silly currentTree +-- babel-plugin-remove-debugger@1.0.1
48 silly currentTree +-- babel-plugin-runtime@1.0.7
48 silly currentTree +-- babel-plugin-undeclared-variables-check@1.0.2
48 silly currentTree +-- babel-plugin-undefined-to-void@1.1.6
48 silly currentTree +-- babylon@5.8.38
48 silly currentTree +-- backo2@1.0.2
48 silly currentTree +-- balanced-match@0.4.2
48 silly currentTree +-- base64-arraybuffer@0.1.5
48 silly currentTree +-- base64id@0.1.0
48 silly currentTree +-- batch@0.5.3
48 silly currentTree +-- bcrypt-pbkdf@1.0.1
48 silly currentTree +-- better-assert@1.0.2
48 silly currentTree +-- binary-extensions@1.8.0
48 silly currentTree +-- binary@0.3.0
48 silly currentTree +-- binaryextensions@2.0.0
48 silly currentTree +-- bl@1.2.1
48 silly currentTree +-- blank-object@1.0.2
48 silly currentTree +-- blob@0.0.4
48 silly currentTree +-- bluebird@2.9.6
48 silly currentTree +-- boom@2.10.1
48 silly currentTree +-- bootstrap@3.3.7
48 silly currentTree +-- boxen@0.6.0
48 silly currentTree | +-- ansi-regex@2.1.1
48 silly currentTree | +-- ansi-styles@2.2.1
48 silly currentTree | +-- camelcase@2.1.1
48 silly currentTree | +-- chalk@1.1.3
48 silly currentTree | +-- has-ansi@2.0.0
48 silly currentTree | +-- strip-ansi@3.0.1
48 silly currentTree | `-- supports-color@2.0.0
48 silly currentTree +-- brace-expansion@1.1.7
48 silly currentTree +-- braces@1.8.5
48 silly currentTree +-- breakable@1.0.0
48 silly currentTree +-- broccoli-babel-transpiler@5.6.2
48 silly currentTree | `-- clone@0.2.0
48 silly currentTree +-- broccoli-funnel@1.2.0
48 silly currentTree | +-- minimist@0.0.8
48 silly currentTree | `-- mkdirp@0.5.1
48 silly currentTree +-- broccoli-kitchen-sink-helpers@0.3.1
48 silly currentTree | +-- glob@5.0.15
48 silly currentTree | +-- minimist@0.0.8
48 silly currentTree | `-- mkdirp@0.5.1
48 silly currentTree +-- broccoli-merge-trees@1.2.4
48 silly currentTree +-- broccoli-persistent-filter@1.3.1
48 silly currentTree | +-- minimist@0.0.8
48 silly currentTree | `-- mkdirp@0.5.1
48 silly currentTree +-- broccoli-plugin@1.3.0
48 silly currentTree +-- browser-sync-client@2.5.1
48 silly currentTree +-- browser-sync-ui@0.6.3
48 silly currentTree +-- browser-sync@2.18.12
48 silly currentTree | `-- rx@4.1.0
48 silly currentTree +-- bs-recipes@1.3.4
48 silly currentTree +-- buble@0.12.5
48 silly currentTree | +-- ansi-regex@2.1.1
48 silly currentTree | +-- ansi-styles@2.2.1
48 silly currentTree | +-- chalk@1.1.3
48 silly currentTree | +-- has-ansi@2.0.0
48 silly currentTree | +-- strip-ansi@3.0.1
48 silly currentTree | `-- supports-color@2.0.0
48 silly currentTree +-- bubleify@0.5.1
48 silly currentTree +-- buffer-shims@1.0.0
48 silly currentTree +-- buffers@0.1.1
48 silly currentTree +-- builtin-modules@1.1.1
48 silly currentTree +-- callsite@1.0.0
48 silly currentTree +-- camelcase-keys@2.1.0
48 silly currentTree | `-- camelcase@2.1.1
48 silly currentTree +-- camelcase@1.2.1
48 silly currentTree +-- can-symlink@1.0.0
48 silly currentTree +-- capture-stack-trace@1.0.0
48 silly currentTree +-- caseless@0.11.0
48 silly currentTree +-- center-align@0.1.3
48 silly currentTree +-- chainsaw@0.1.0
48 silly currentTree +-- chalk@0.5.1
48 silly currentTree +-- chokidar@1.7.0
48 silly currentTree +-- cli-boxes@1.0.0
48 silly currentTree +-- cli-cursor@1.0.2
48 silly currentTree +-- cli-truncate@0.2.1
48 silly currentTree +-- cliui@3.2.0
48 silly currentTree | +-- ansi-regex@2.1.1
48 silly currentTree | `-- strip-ansi@3.0.1
48 silly currentTree +-- clone@1.0.2
48 silly currentTree +-- code-point-at@1.1.0
48 silly currentTree +-- colors@1.1.2
48 silly currentTree +-- columnify@1.5.4
48 silly currentTree | +-- ansi-regex@2.1.1
48 silly currentTree | `-- strip-ansi@3.0.1
48 silly currentTree +-- combined-stream@1.0.5
48 silly currentTree +-- commander@2.6.0
48 silly currentTree +-- commoner@0.10.8
48 silly currentTree | +-- esprima@3.1.3
48 silly currentTree | +-- glob@5.0.15
48 silly currentTree | +-- minimist@0.0.8
48 silly currentTree | +-- mkdirp@0.5.1
48 silly currentTree | `-- recast@0.11.23
48 silly currentTree +-- component-bind@1.0.0
48 silly currentTree +-- component-emitter@1.1.2
48 silly currentTree +-- component-inherit@0.0.3
48 silly currentTree +-- concat-map@0.0.1
48 silly currentTree +-- concat-stream@1.6.0
48 silly currentTree +-- concurrently@2.2.0
48 silly currentTree +-- configstore@2.1.0
48 silly currentTree | +-- minimist@0.0.8
48 silly currentTree | `-- mkdirp@0.5.1
48 silly currentTree +-- connect-history-api-fallback@1.3.0
48 silly currentTree +-- connect-logger@0.0.1
48 silly currentTree +-- connect@3.5.0
48 silly currentTree +-- convert-source-map@1.5.0
48 silly currentTree +-- cookie@0.3.1
48 silly currentTree +-- core-js@2.4.1
48 silly currentTree +-- core-util-is@1.0.2
48 silly currentTree +-- create-error-class@3.0.2
48 silly currentTree +-- cross-spawn@0.2.9
48 silly currentTree +-- cryptiles@2.0.5
48 silly currentTree +-- currently-unhandled@0.4.1
48 silly currentTree +-- cycle@1.0.3
48 silly currentTree +-- dashdash@1.14.1
48 silly currentTree | `-- assert-plus@1.0.0
48 silly currentTree +-- debug@2.2.0
48 silly currentTree +-- decamelize@1.2.0
48 silly currentTree +-- decompress-zip@0.3.0
48 silly currentTree | +-- isarray@0.0.1
48 silly currentTree | +-- readable-stream@1.1.14
48 silly currentTree | +-- string_decoder@0.10.31
48 silly currentTree | `-- touch@0.0.3
48 silly currentTree |   `-- nopt@1.0.10
48 silly currentTree +-- deep-extend@0.4.2
48 silly currentTree +-- defaults@1.0.3
48 silly currentTree +-- defined@1.0.0
48 silly currentTree +-- defs@1.1.1
48 silly currentTree | +-- cliui@2.1.0
48 silly currentTree | +-- wordwrap@0.0.2
48 silly currentTree | `-- yargs@3.27.0
48 silly currentTree +-- delayed-stream@1.0.0
48 silly currentTree +-- depd@1.1.0
48 silly currentTree +-- destroy@1.0.4
48 silly currentTree +-- detect-indent@4.0.0
48 silly currentTree +-- detective@4.5.0
48 silly currentTree | `-- acorn@4.0.11
48 silly currentTree +-- dev-ip@1.0.1
48 silly currentTree +-- diff@2.2.3
48 silly currentTree +-- dot-prop@3.0.0
48 silly currentTree +-- duplexer2@0.1.4
48 silly currentTree +-- easy-extender@2.3.2
48 silly currentTree | `-- lodash@3.10.1
48 silly currentTree +-- eazy-logger@3.0.2
48 silly currentTree +-- ecc-jsbn@0.1.1
48 silly currentTree +-- editions@1.3.3
48 silly currentTree +-- ee-first@1.1.1
48 silly currentTree +-- elegant-spinner@1.0.1
48 silly currentTree +-- ember-cli-babel@5.1.10
48 silly currentTree +-- ember-cli-version-checker@1.3.1
48 silly currentTree +-- emitter-steward@1.0.0
48 silly currentTree +-- encodeurl@1.0.1
48 silly currentTree +-- end-of-stream@1.4.0
48 silly currentTree +-- engine.io-client@1.8.0
48 silly currentTree | +-- component-emitter@1.2.1
48 silly currentTree | +-- debug@2.3.3
48 silly currentTree | `-- ms@0.7.2
48 silly currentTree +-- engine.io-parser@1.3.1
48 silly currentTree | +-- has-binary@0.1.6
48 silly currentTree | `-- isarray@0.0.1
48 silly currentTree +-- engine.io@1.8.0
48 silly currentTree | +-- debug@2.3.3
48 silly currentTree | `-- ms@0.7.2
48 silly currentTree +-- ensure-posix-path@1.0.2
48 silly currentTree +-- error-ex@1.3.1
48 silly currentTree +-- escape-html@1.0.3
48 silly currentTree +-- escape-string-regexp@1.0.5
48 silly currentTree +-- esprima-fb@15001.1001.0-dev-harmony-fb
48 silly currentTree +-- esutils@2.0.2
48 silly currentTree +-- etag@1.8.0
48 silly currentTree +-- eventemitter3@1.2.0
48 silly currentTree +-- exists-sync@0.0.4
48 silly currentTree +-- exit-hook@1.1.1
48 silly currentTree +-- expand-brackets@0.1.5
48 silly currentTree +-- expand-range@1.8.2
48 silly currentTree +-- express@2.5.11
48 silly currentTree | +-- connect@1.9.2
48 silly currentTree | `-- qs@0.4.2
48 silly currentTree +-- extend@3.0.1
48 silly currentTree +-- extglob@0.3.2
48 silly currentTree +-- extsprintf@1.0.2
48 silly currentTree +-- eyes@0.1.8
48 silly currentTree +-- fast-ordered-set@1.0.3
48 silly currentTree +-- filename-regex@2.0.1
48 silly currentTree +-- fill-range@2.2.3
48 silly currentTree +-- filled-array@1.1.0
48 silly currentTree +-- finalhandler@0.5.0
48 silly currentTree +-- find-up@1.1.2
48 silly currentTree +-- findup-sync@0.3.0
48 silly currentTree | `-- glob@5.0.15
48 silly currentTree +-- for-in@1.0.2
48 silly currentTree +-- for-own@0.1.5
48 silly currentTree +-- forever-agent@0.6.1
48 silly currentTree +-- form-data@2.1.4
48 silly currentTree +-- formidable@1.0.17
48 silly currentTree +-- fresh@0.3.0
48 silly currentTree +-- fs-extra@3.0.1
48 silly currentTree +-- fs-readdir-recursive@0.1.2
48 silly currentTree +-- fs-tree-diff@0.5.6
48 silly currentTree +-- fs.realpath@1.0.0
48 silly currentTree +-- function-bind@1.1.0
48 silly currentTree +-- generate-function@2.0.0
48 silly currentTree +-- generate-object-property@1.2.0
48 silly currentTree +-- get-caller-file@1.0.2
48 silly currentTree +-- get-stdin@4.0.1
48 silly currentTree +-- getpass@0.1.7
48 silly currentTree | `-- assert-plus@1.0.0
48 silly currentTree +-- glob-base@0.3.0
48 silly currentTree +-- glob-parent@2.0.0
48 silly currentTree +-- glob@7.1.2
48 silly currentTree +-- globals@6.4.1
48 silly currentTree +-- got@5.7.1
48 silly currentTree +-- graceful-fs@4.1.11
48 silly currentTree +-- graceful-readlink@1.0.1
48 silly currentTree +-- har-validator@2.0.6
48 silly currentTree | +-- ansi-regex@2.1.1
48 silly currentTree | +-- ansi-styles@2.2.1
48 silly currentTree | +-- chalk@1.1.3
48 silly currentTree | +-- commander@2.9.0
48 silly currentTree | +-- has-ansi@2.0.0
48 silly currentTree | +-- strip-ansi@3.0.1
48 silly currentTree | `-- supports-color@2.0.0
48 silly currentTree +-- has-ansi@0.1.0
48 silly currentTree +-- has-binary@0.1.7
48 silly currentTree | `-- isarray@0.0.1
48 silly currentTree +-- has-cors@1.1.0
48 silly currentTree +-- has-unicode@2.0.1
48 silly currentTree +-- has@1.0.1
48 silly currentTree +-- hash-for-dep@1.1.2
48 silly currentTree +-- hawk@3.1.3
48 silly currentTree +-- heimdalljs-logger@0.1.9
48 silly currentTree +-- heimdalljs@0.2.4
48 silly currentTree | `-- rsvp@3.2.1
48 silly currentTree +-- hoek@2.16.3
48 silly currentTree +-- home-or-tmp@1.0.0
48 silly currentTree +-- homedir@0.6.0
48 silly currentTree +-- hosted-git-info@2.4.2
48 silly currentTree +-- http-errors@1.5.1
48 silly currentTree +-- http-proxy-agent@1.0.0
48 silly currentTree +-- http-proxy@1.15.2
48 silly currentTree +-- http-signature@1.1.1
48 silly currentTree +-- https-proxy-agent@1.0.0
48 silly currentTree +-- humanize-plus@1.8.2
48 silly currentTree +-- iconv-lite@0.4.17
48 silly currentTree +-- immutable@3.8.1
48 silly currentTree +-- imurmurhash@0.1.4
48 silly currentTree +-- indent-string@2.1.0
48 silly currentTree +-- indexof@0.0.1
48 silly currentTree +-- inflight@1.0.6
48 silly currentTree +-- inherits@2.0.3
48 silly currentTree +-- ini@1.3.4
48 silly currentTree +-- intercept-stdout@0.1.2
48 silly currentTree +-- invariant@2.2.2
48 silly currentTree +-- invert-kv@1.0.0
48 silly currentTree +-- is-absolute@0.2.6
48 silly currentTree +-- is-arrayish@0.2.1
48 silly currentTree +-- is-binary-path@1.0.1
48 silly currentTree +-- is-buffer@1.1.5
48 silly currentTree +-- is-builtin-module@1.0.0
48 silly currentTree +-- is-dotfile@1.0.2
48 silly currentTree +-- is-equal-shallow@0.1.3
48 silly currentTree +-- is-extendable@0.1.1
48 silly currentTree +-- is-extglob@1.0.0
48 silly currentTree +-- is-finite@1.0.2
48 silly currentTree +-- is-fullwidth-code-point@1.0.0
48 silly currentTree +-- is-glob@2.0.1
48 silly currentTree +-- is-integer@1.0.7
48 silly currentTree +-- is-my-json-valid@2.16.0
48 silly currentTree +-- is-npm@1.0.0
48 silly currentTree +-- is-number-like@1.0.7
48 silly currentTree +-- is-number@2.1.0
48 silly currentTree +-- is-obj@1.0.1
48 silly currentTree +-- is-plain-obj@1.1.0
48 silly currentTree +-- is-posix-bracket@0.1.1
48 silly currentTree +-- is-primitive@2.0.0
48 silly currentTree +-- is-property@1.0.2
48 silly currentTree +-- is-redirect@1.0.0
48 silly currentTree +-- is-relative@0.2.1
48 silly currentTree +-- is-retry-allowed@1.1.0
48 silly currentTree +-- is-stream@1.1.0
48 silly currentTree +-- is-typedarray@1.0.0
48 silly currentTree +-- is-unc-path@0.1.2
48 silly currentTree +-- is-utf8@0.2.1
48 silly currentTree +-- is-windows@0.2.0
48 silly currentTree +-- isarray@1.0.0
48 silly currentTree +-- isobject@2.1.0
48 silly currentTree +-- isstream@0.1.2
48 silly currentTree +-- istextorbinary@2.1.0
48 silly currentTree +-- jju@1.3.0
48 silly currentTree +-- jodid25519@1.0.2
48 silly currentTree +-- js-tokens@3.0.1
48 silly currentTree +-- jsbn@0.1.1
48 silly currentTree +-- jsesc@0.5.0
48 silly currentTree +-- json-schema@0.2.3
48 silly currentTree +-- json-stable-stringify@1.0.1
48 silly currentTree +-- json-stringify-safe@5.0.1
48 silly currentTree +-- json3@3.3.2
48 silly currentTree +-- json5@0.4.0
48 silly currentTree +-- jsonfile@3.0.0
48 silly currentTree +-- jsonify@0.0.0
48 silly currentTree +-- jsonpointer@4.0.1
48 silly currentTree +-- jsprim@1.4.0
48 silly currentTree | `-- assert-plus@1.0.0
48 silly currentTree +-- kind-of@3.2.2
48 silly currentTree +-- latest-version@2.0.0
48 silly currentTree +-- lazy-cache@1.0.4
48 silly currentTree +-- lazy-req@1.1.0
48 silly currentTree +-- lcid@1.0.0
48 silly currentTree +-- leven@1.0.2
48 silly currentTree +-- limiter@1.1.0
48 silly currentTree +-- listify@1.0.0
48 silly currentTree +-- lite-server@2.3.0
48 silly currentTree +-- load-json-file@1.1.0
48 silly currentTree +-- localtunnel@1.8.2
48 silly currentTree | `-- yargs@3.29.0
48 silly currentTree +-- lockfile@1.0.3
48 silly currentTree +-- lodash._arraycopy@3.0.0
48 silly currentTree +-- lodash._basevalues@3.0.0
48 silly currentTree +-- lodash._getnative@3.9.1
48 silly currentTree +-- lodash.isarguments@3.1.0
48 silly currentTree +-- lodash.isarray@3.0.4
48 silly currentTree +-- lodash.isfinite@3.3.2
48 silly currentTree +-- lodash.keys@3.1.2
48 silly currentTree +-- lodash.toarray@3.0.2
48 silly currentTree +-- lodash@4.17.4
48 silly currentTree +-- log-update@1.0.2
48 silly currentTree +-- longest@1.0.1
48 silly currentTree +-- loose-envify@1.3.1
48 silly currentTree +-- loud-rejection@1.6.0
48 silly currentTree +-- lowercase-keys@1.0.0
48 silly currentTree +-- lru-cache@2.7.3
48 silly currentTree +-- magic-string@0.14.0
48 silly currentTree +-- make-error-cause@1.2.2
48 silly currentTree +-- make-error@1.3.0
48 silly currentTree +-- map-obj@1.0.1
48 silly currentTree +-- matcher-collection@1.0.4
48 silly currentTree +-- md5-hex@1.3.0
48 silly currentTree +-- md5-o-matic@0.1.1
48 silly currentTree +-- meow@3.7.0
48 silly currentTree +-- micromatch@2.3.11
48 silly currentTree +-- mime-db@1.27.0
48 silly currentTree +-- mime-types@2.1.15
48 silly currentTree +-- mime@1.2.4
48 silly currentTree +-- minimatch@3.0.4
48 silly currentTree +-- minimist@1.2.0
48 silly currentTree +-- mkdirp@0.3.0
48 silly currentTree +-- mkpath@0.1.0
48 silly currentTree +-- mktemp@0.4.0
48 silly currentTree +-- moment@2.18.1
48 silly currentTree +-- ms@0.7.1
48 silly currentTree +-- mt-downloader@2.2.1
48 silly currentTree | `-- rx@4.1.0
48 silly currentTree +-- muxer@1.0.1
48 silly currentTree | `-- rx@4.1.0
48 silly currentTree +-- negotiator@0.6.1
48 silly currentTree +-- node-status-codes@1.0.0
48 silly currentTree +-- node-uuid@1.4.8
48 silly currentTree +-- nopt@3.0.6
48 silly currentTree +-- normalize-package-data@2.3.8
48 silly currentTree +-- normalize-path@2.1.1
48 silly currentTree +-- npm@3.10.10
48 silly currentTree | +-- abbrev@1.0.9
48 silly currentTree | +-- ansi-regex@2.0.0
48 silly currentTree | +-- ansicolors@0.3.2
48 silly currentTree | +-- ansistyles@0.1.3
48 silly currentTree | +-- aproba@1.0.4
48 silly currentTree | +-- archy@1.0.0
48 silly currentTree | +-- asap@2.0.5
48 silly currentTree | +-- chownr@1.0.1
48 silly currentTree | +-- cmd-shim@2.0.2
48 silly currentTree | +-- columnify@1.5.4
48 silly currentTree | | `-- wcwidth@1.0.0
48 silly currentTree | |   `-- defaults@1.0.3
48 silly currentTree | |     `-- clone@1.0.2
48 silly currentTree | +-- config-chain@1.1.11
48 silly currentTree | | `-- proto-list@1.2.4
48 silly currentTree | +-- debuglog@1.0.1
48 silly currentTree | +-- dezalgo@1.0.3
48 silly currentTree | +-- editor@1.0.0
48 silly currentTree | +-- fs-vacuum@1.2.9
48 silly currentTree | +-- fs-write-stream-atomic@1.0.8
48 silly currentTree | +-- fstream-npm@1.2.0
48 silly currentTree | | `-- fstream-ignore@1.0.5
48 silly currentTree | |   `-- minimatch@3.0.3
48 silly currentTree | |     `-- brace-expansion@1.1.6
48 silly currentTree | |       +-- balanced-match@0.4.2
48 silly currentTree | |       `-- concat-map@0.0.1
48 silly currentTree | +-- fstream@1.0.10
48 silly currentTree | +-- glob@7.1.0
48 silly currentTree | | +-- fs.realpath@1.0.0
48 silly currentTree | | +-- minimatch@3.0.3
48 silly currentTree | | | `-- brace-expansion@1.1.6
48 silly currentTree | | |   +-- balanced-match@0.4.2
48 silly currentTree | | |   `-- concat-map@0.0.1
48 silly currentTree | | `-- path-is-absolute@1.0.1
48 silly currentTree | +-- graceful-fs@4.1.9
48 silly currentTree | +-- has-unicode@2.0.1
48 silly currentTree | +-- hosted-git-info@2.1.5
48 silly currentTree | +-- iferr@0.1.5
48 silly currentTree | +-- imurmurhash@0.1.4
48 silly currentTree | +-- inflight@1.0.5
48 silly currentTree | +-- inherits@2.0.3
48 silly currentTree | +-- ini@1.3.4
48 silly currentTree | +-- init-package-json@1.9.4
48 silly currentTree | | +-- glob@6.0.4
48 silly currentTree | | | +-- minimatch@3.0.3
48 silly currentTree | | | | `-- brace-expansion@1.1.6
48 silly currentTree | | | |   +-- balanced-match@0.4.2
48 silly currentTree | | | |   `-- concat-map@0.0.1
48 silly currentTree | | | `-- path-is-absolute@1.0.0
48 silly currentTree | | `-- promzard@0.3.0
48 silly currentTree | +-- lockfile@1.0.2
48 silly currentTree | +-- lodash._baseindexof@3.1.0
48 silly currentTree | +-- lodash._baseuniq@4.6.0
48 silly currentTree | | +-- lodash._createset@4.0.3
48 silly currentTree | | `-- lodash._root@3.0.1
48 silly currentTree | +-- lodash._bindcallback@3.0.1
48 silly currentTree | +-- lodash._cacheindexof@3.0.2
48 silly currentTree | +-- lodash._createcache@3.1.2
48 silly currentTree | +-- lodash._getnative@3.9.1
48 silly currentTree | +-- lodash.clonedeep@4.5.0
48 silly currentTree | +-- lodash.restparam@3.6.1
48 silly currentTree | +-- lodash.union@4.6.0
48 silly currentTree | +-- lodash.uniq@4.5.0
48 silly currentTree | +-- lodash.without@4.4.0
48 silly currentTree | +-- mkdirp@0.5.1
48 silly currentTree | | `-- minimist@0.0.8
48 silly currentTree | +-- node-gyp@3.4.0
48 silly currentTree | | +-- minimatch@3.0.3
48 silly currentTree | | | `-- brace-expansion@1.1.6
48 silly currentTree | | |   +-- balanced-match@0.4.2
48 silly currentTree | | |   `-- concat-map@0.0.1
48 silly currentTree | | +-- npmlog@3.1.2
48 silly currentTree | | | +-- are-we-there-yet@1.1.2
48 silly currentTree | | | | `-- delegates@1.0.0
48 silly currentTree | | | +-- console-control-strings@1.1.0
48 silly currentTree | | | +-- gauge@2.6.0
48 silly currentTree | | | | +-- has-color@0.1.7
48 silly currentTree | | | | +-- object-assign@4.1.0
48 silly currentTree | | | | +-- signal-exit@3.0.0
48 silly currentTree | | | | +-- string-width@1.0.2
48 silly currentTree | | | | | +-- code-point-at@1.0.0
48 silly currentTree | | | | | | `-- number-is-nan@1.0.0
48 silly currentTree | | | | | `-- is-fullwidth-code-point@1.0.0
48 silly currentTree | | | | |   `-- number-is-nan@1.0.0
48 silly currentTree | | | | `-- wide-align@1.1.0
48 silly currentTree | | | `-- set-blocking@2.0.0
48 silly currentTree | | `-- path-array@1.0.1
48 silly currentTree | |   `-- array-index@1.0.0
48 silly currentTree | |     +-- debug@2.2.0
48 silly currentTree | |     | `-- ms@0.7.1
48 silly currentTree | |     `-- es6-symbol@3.1.0
48 silly currentTree | |       +-- d@0.1.1
48 silly currentTree | |       `-- es5-ext@0.10.12
48 silly currentTree | |         `-- es6-iterator@2.0.0
48 silly currentTree | +-- nopt@3.0.6
48 silly currentTree | +-- normalize-git-url@3.0.2
48 silly currentTree | +-- normalize-package-data@2.3.5
48 silly currentTree | | `-- is-builtin-module@1.0.0
48 silly currentTree | |   `-- builtin-modules@1.1.1
48 silly currentTree | +-- npm-cache-filename@1.0.2
48 silly currentTree | +-- npm-install-checks@3.0.0
48 silly currentTree | +-- npm-package-arg@4.2.0
48 silly currentTree | +-- npm-registry-client@7.2.1
48 silly currentTree | | +-- concat-stream@1.5.2
48 silly currentTree | | | +-- readable-stream@2.0.6
48 silly currentTree | | | | +-- core-util-is@1.0.2
48 silly currentTree | | | | +-- isarray@1.0.0
48 silly currentTree | | | | +-- process-nextick-args@1.0.7
48 silly currentTree | | | | +-- string_decoder@0.10.31
48 silly currentTree | | | | `-- util-deprecate@1.0.2
48 silly currentTree | | | `-- typedarray@0.0.6
48 silly currentTree | | +-- npmlog@3.1.2
48 silly currentTree | | | +-- are-we-there-yet@1.1.2
48 silly currentTree | | | | `-- delegates@1.0.0
48 silly currentTree | | | +-- console-control-strings@1.1.0
48 silly currentTree | | | +-- gauge@2.6.0
48 silly currentTree | | | | +-- has-color@0.1.7
48 silly currentTree | | | | +-- object-assign@4.1.0
48 silly currentTree | | | | +-- signal-exit@3.0.0
48 silly currentTree | | | | +-- string-width@1.0.2
48 silly currentTree | | | | | +-- code-point-at@1.0.0
48 silly currentTree | | | | | | `-- number-is-nan@1.0.0
48 silly currentTree | | | | | `-- is-fullwidth-code-point@1.0.0
48 silly currentTree | | | | |   `-- number-is-nan@1.0.0
48 silly currentTree | | | | `-- wide-align@1.1.0
48 silly currentTree | | | `-- set-blocking@2.0.0
48 silly currentTree | | `-- retry@0.10.0
48 silly currentTree | +-- npm-user-validate@0.1.5
48 silly currentTree | +-- npmlog@4.0.0
48 silly currentTree | | +-- are-we-there-yet@1.1.2
48 silly currentTree | | | `-- delegates@1.0.0
48 silly currentTree | | +-- console-control-strings@1.1.0
48 silly currentTree | | +-- gauge@2.6.0
48 silly currentTree | | | +-- has-color@0.1.7
48 silly currentTree | | | +-- object-assign@4.1.0
48 silly currentTree | | | +-- signal-exit@3.0.0
48 silly currentTree | | | +-- string-width@1.0.2
48 silly currentTree | | | | +-- code-point-at@1.0.0
48 silly currentTree | | | | | `-- number-is-nan@1.0.0
48 silly currentTree | | | | `-- is-fullwidth-code-point@1.0.0
48 silly currentTree | | | |   `-- number-is-nan@1.0.0
48 silly currentTree | | | `-- wide-align@1.1.0
48 silly currentTree | | `-- set-blocking@2.0.0
48 silly currentTree | +-- once@1.4.0
48 silly currentTree | +-- opener@1.4.2
48 silly currentTree | +-- osenv@0.1.3
48 silly currentTree | | +-- os-homedir@1.0.1
48 silly currentTree | | `-- os-tmpdir@1.0.1
48 silly currentTree | +-- path-is-inside@1.0.2
48 silly currentTree | +-- read-cmd-shim@1.0.1
48 silly currentTree | +-- read-installed@4.0.3
48 silly currentTree | | `-- util-extend@1.0.3
48 silly currentTree | +-- read-package-json@2.0.4
48 silly currentTree | | +-- glob@6.0.4
48 silly currentTree | | | +-- minimatch@3.0.3
48 silly currentTree | | | | `-- brace-expansion@1.1.6
48 silly currentTree | | | |   +-- balanced-match@0.4.2
48 silly currentTree | | | |   `-- concat-map@0.0.1
48 silly currentTree | | | `-- path-is-absolute@1.0.0
48 silly currentTree | | `-- json-parse-helpfulerror@1.0.3
48 silly currentTree | |   `-- jju@1.3.0
48 silly currentTree | +-- read-package-tree@5.1.5
48 silly currentTree | +-- read@1.0.7
48 silly currentTree | | `-- mute-stream@0.0.5
48 silly currentTree | +-- readable-stream@2.1.5
48 silly currentTree | | +-- buffer-shims@1.0.0
48 silly currentTree | | +-- core-util-is@1.0.2
48 silly currentTree | | +-- isarray@1.0.0
48 silly currentTree | | +-- process-nextick-args@1.0.7
48 silly currentTree | | +-- string_decoder@0.10.31
48 silly currentTree | | `-- util-deprecate@1.0.2
48 silly currentTree | +-- readdir-scoped-modules@1.0.2
48 silly currentTree | +-- realize-package-specifier@3.0.3
48 silly currentTree | +-- request@2.75.0
48 silly currentTree | | +-- aws-sign2@0.6.0
48 silly currentTree | | +-- aws4@1.4.1
48 silly currentTree | | +-- bl@1.1.2
48 silly currentTree | | | `-- readable-stream@2.0.6
48 silly currentTree | | |   +-- core-util-is@1.0.2
48 silly currentTree | | |   +-- isarray@1.0.0
48 silly currentTree | | |   +-- process-nextick-args@1.0.7
48 silly currentTree | | |   +-- string_decoder@0.10.31
48 silly currentTree | | |   `-- util-deprecate@1.0.2
48 silly currentTree | | +-- caseless@0.11.0
48 silly currentTree | | +-- combined-stream@1.0.5
48 silly currentTree | | | `-- delayed-stream@1.0.0
48 silly currentTree | | +-- extend@3.0.0
48 silly currentTree | | +-- forever-agent@0.6.1
48 silly currentTree | | +-- form-data@2.0.0
48 silly currentTree | | | `-- asynckit@0.4.0
48 silly currentTree | | +-- har-validator@2.0.6
48 silly currentTree | | | +-- chalk@1.1.3
48 silly currentTree | | | | +-- ansi-styles@2.2.1
48 silly currentTree | | | | +-- escape-string-regexp@1.0.5
48 silly currentTree | | | | +-- has-ansi@2.0.0
48 silly currentTree | | | | `-- supports-color@2.0.0
48 silly currentTree | | | +-- commander@2.9.0
48 silly currentTree | | | | `-- graceful-readlink@1.0.1
48 silly currentTree | | | +-- is-my-json-valid@2.15.0
48 silly currentTree | | | | +-- generate-function@2.0.0
48 silly currentTree | | | | +-- generate-object-property@1.2.0
48 silly currentTree | | | | | `-- is-property@1.0.2
48 silly currentTree | | | | +-- jsonpointer@4.0.0
48 silly currentTree | | | | `-- xtend@4.0.1
48 silly currentTree | | | `-- pinkie-promise@2.0.1
48 silly currentTree | | |   `-- pinkie@2.0.4
48 silly currentTree | | +-- hawk@3.1.3
48 silly currentTree | | | +-- boom@2.10.1
48 silly currentTree | | | +-- cryptiles@2.0.5
48 silly currentTree | | | +-- hoek@2.16.3
48 silly currentTree | | | `-- sntp@1.0.9
48 silly currentTree | | +-- http-signature@1.1.1
48 silly currentTree | | | +-- assert-plus@0.2.0
48 silly currentTree | | | +-- jsprim@1.3.1
48 silly currentTree | | | | +-- extsprintf@1.0.2
48 silly currentTree | | | | +-- json-schema@0.2.3
48 silly currentTree | | | | `-- verror@1.3.6
48 silly currentTree | | | `-- sshpk@1.10.1
48 silly currentTree | | |   +-- asn1@0.2.3
48 silly currentTree | | |   +-- assert-plus@1.0.0
48 silly currentTree | | |   +-- bcrypt-pbkdf@1.0.0
48 silly currentTree | | |   +-- dashdash@1.14.0
48 silly currentTree | | |   +-- ecc-jsbn@0.1.1
48 silly currentTree | | |   +-- getpass@0.1.6
48 silly currentTree | | |   +-- jodid25519@1.0.2
48 silly currentTree | | |   +-- jsbn@0.1.0
48 silly currentTree | | |   `-- tweetnacl@0.14.3
48 silly currentTree | | +-- is-typedarray@1.0.0
48 silly currentTree | | +-- isstream@0.1.2
48 silly currentTree | | +-- json-stringify-safe@5.0.1
48 silly currentTree | | +-- mime-types@2.1.12
48 silly currentTree | | | `-- mime-db@1.24.0
48 silly currentTree | | +-- node-uuid@1.4.7
48 silly currentTree | | +-- oauth-sign@0.8.2
48 silly currentTree | | +-- qs@6.2.1
48 silly currentTree | | +-- stringstream@0.0.5
48 silly currentTree | | +-- tough-cookie@2.3.1
48 silly currentTree | | `-- tunnel-agent@0.4.3
48 silly currentTree | +-- retry@0.10.0
48 silly currentTree | +-- rimraf@2.5.4
48 silly currentTree | +-- semver@5.3.0
48 silly currentTree | +-- sha@2.0.1
48 silly currentTree | +-- slide@1.1.6
48 silly currentTree | +-- sorted-object@2.0.1
48 silly currentTree | +-- strip-ansi@3.0.1
48 silly currentTree | +-- tar@2.2.1
48 silly currentTree | | `-- block-stream@0.0.8
48 silly currentTree | +-- text-table@0.2.0
48 silly currentTree | +-- uid-number@0.0.6
48 silly currentTree | +-- umask@1.1.0
48 silly currentTree | +-- unique-filename@1.1.0
48 silly currentTree | | `-- unique-slug@2.0.0
48 silly currentTree | +-- unpipe@1.0.0
48 silly currentTree | +-- validate-npm-package-license@3.0.1
48 silly currentTree | | +-- spdx-correct@1.0.2
48 silly currentTree | | | `-- spdx-license-ids@1.2.0
48 silly currentTree | | `-- spdx-expression-parse@1.0.2
48 silly currentTree | |   +-- spdx-exceptions@1.0.4
48 silly currentTree | |   `-- spdx-license-ids@1.2.0
48 silly currentTree | +-- validate-npm-package-name@2.2.2
48 silly currentTree | | `-- builtins@0.0.7
48 silly currentTree | +-- which@1.2.11
48 silly currentTree | | `-- isexe@1.1.2
48 silly currentTree | +-- wrappy@1.0.2
48 silly currentTree | `-- write-file-atomic@1.2.0
48 silly currentTree +-- number-is-nan@1.0.1
48 silly currentTree +-- oauth-sign@0.8.2
48 silly currentTree +-- object-assign@4.1.1
48 silly currentTree +-- object-component@0.0.3
48 silly currentTree +-- object-path@0.9.2
48 silly currentTree +-- object.omit@2.0.1
48 silly currentTree +-- object.pick@1.2.0
48 silly currentTree +-- on-finished@2.3.0
48 silly currentTree +-- once@1.4.0
48 silly currentTree +-- onetime@1.1.0
48 silly currentTree +-- openurl@1.1.0
48 silly currentTree +-- opn@4.0.2
48 silly currentTree +-- optimist@0.6.1
48 silly currentTree | `-- minimist@0.0.10
48 silly currentTree +-- options@0.0.6
48 silly currentTree +-- os-homedir@1.0.2
48 silly currentTree +-- os-locale@1.4.0
48 silly currentTree +-- os-tmpdir@1.0.2
48 silly currentTree +-- osenv@0.1.4
48 silly currentTree +-- output-file-sync@1.1.2
48 silly currentTree | +-- minimist@0.0.8
48 silly currentTree | `-- mkdirp@0.5.1
48 silly currentTree +-- package-json@2.4.0
48 silly currentTree +-- parse-glob@3.0.4
48 silly currentTree +-- parse-json@2.2.0
48 silly currentTree +-- parsejson@0.0.3
48 silly currentTree +-- parseqs@0.0.5
48 silly currentTree +-- parseuri@0.0.5
48 silly currentTree +-- parseurl@1.3.1
48 silly currentTree +-- path-exists@2.1.0
48 silly currentTree +-- path-is-absolute@1.0.1
48 silly currentTree +-- path-parse@1.0.5
48 silly currentTree +-- path-posix@1.0.0
48 silly currentTree +-- path-type@1.1.0
48 silly currentTree +-- pify@2.3.0
48 silly currentTree +-- pinkie-promise@2.0.1
48 silly currentTree +-- pinkie@2.0.4
48 silly currentTree +-- popsicle-proxy-agent@3.0.0
48 silly currentTree +-- popsicle-retry@3.2.1
48 silly currentTree +-- popsicle-rewrite@1.0.0
48 silly currentTree +-- popsicle-status@2.0.0
48 silly currentTree +-- popsicle@8.2.0
48 silly currentTree +-- portscanner@2.1.1
48 silly currentTree +-- prepend-http@1.0.4
48 silly currentTree +-- preserve@0.2.0
48 silly currentTree +-- private@0.1.7
48 silly currentTree +-- process-nextick-args@1.0.7
48 silly currentTree +-- progress@1.1.8
48 silly currentTree +-- promise-finally@2.2.1
48 silly currentTree +-- promise-map-series@0.2.3
48 silly currentTree +-- pump@1.0.2
48 silly currentTree +-- punycode@1.4.1
48 silly currentTree +-- q@1.4.1
48 silly currentTree +-- qs@6.2.1
48 silly currentTree +-- quick-temp@0.1.8
48 silly currentTree +-- ramda@0.21.0
48 silly currentTree +-- randomatic@1.1.6
48 silly currentTree +-- range-parser@1.2.0
48 silly currentTree +-- rc@1.2.1
48 silly currentTree +-- read-all-stream@3.1.0
48 silly currentTree +-- read-pkg-up@1.0.1
48 silly currentTree +-- read-pkg@1.1.0
48 silly currentTree +-- readable-stream@2.2.9
48 silly currentTree +-- readdirp@2.1.0
48 silly currentTree +-- recast@0.10.33
48 silly currentTree | `-- ast-types@0.8.12
48 silly currentTree +-- redent@1.0.0
48 silly currentTree +-- reflect-metadata@0.1.10
48 silly currentTree +-- regenerate@1.3.2
48 silly currentTree +-- regenerator@0.8.40
48 silly currentTree +-- regex-cache@0.4.3
48 silly currentTree +-- regexpu@1.3.0
48 silly currentTree | `-- esprima@2.7.3
48 silly currentTree +-- registry-auth-token@3.3.1
48 silly currentTree +-- registry-url@3.1.0
48 silly currentTree +-- regjsgen@0.2.0
48 silly currentTree +-- regjsparser@0.1.5
48 silly currentTree +-- remove-trailing-separator@1.0.1
48 silly currentTree +-- repeat-element@1.1.2
48 silly currentTree +-- repeat-string@1.6.1
48 silly currentTree +-- repeating@2.0.1
48 silly currentTree +-- request@2.78.0
48 silly currentTree | `-- qs@6.3.2
48 silly currentTree +-- require-directory@2.1.1
48 silly currentTree +-- require-main-filename@1.0.1
48 silly currentTree +-- requires-port@1.0.0
48 silly currentTree +-- resolve@1.3.3
48 silly currentTree +-- resp-modifier@6.0.2
48 silly currentTree +-- restore-cursor@1.0.1
48 silly currentTree +-- right-align@0.1.3
48 silly currentTree +-- rimraf@2.6.1
48 silly currentTree +-- rsvp@3.5.0
48 silly currentTree +-- rx@2.3.24
48 silly currentTree +-- rxjs@5.0.0-beta.12
48 silly currentTree +-- safe-buffer@5.0.1
48 silly currentTree +-- semver-diff@2.1.0
48 silly currentTree +-- semver@5.3.0
48 silly currentTree +-- send@0.15.2
48 silly currentTree | +-- debug@2.6.4
48 silly currentTree | | `-- ms@0.7.3
48 silly currentTree | +-- fresh@0.5.0
48 silly currentTree | +-- http-errors@1.6.1
48 silly currentTree | +-- mime@1.3.4
48 silly currentTree | +-- ms@1.0.0
48 silly currentTree | `-- setprototypeof@1.0.3
48 silly currentTree +-- serve-index@1.8.0
48 silly currentTree +-- serve-static@1.12.2
48 silly currentTree +-- server-destroy@1.0.1
48 silly currentTree +-- set-blocking@2.0.0
48 silly currentTree +-- set-immediate-shim@1.0.1
48 silly currentTree +-- setprototypeof@1.0.2
48 silly currentTree +-- shebang-regex@1.0.0
48 silly currentTree +-- signal-exit@3.0.2
48 silly currentTree +-- simple-fmt@0.1.0
48 silly currentTree +-- simple-is@0.2.0
48 silly currentTree +-- slash@1.0.0
48 silly currentTree +-- slashes@1.0.5
48 silly currentTree +-- slice-ansi@0.0.4
48 silly currentTree +-- slide@1.1.6
48 silly currentTree +-- sntp@1.0.9
48 silly currentTree +-- socket.io-adapter@0.5.0
48 silly currentTree | +-- debug@2.3.3
48 silly currentTree | `-- ms@0.7.2
48 silly currentTree +-- socket.io-client@1.6.0
48 silly currentTree | +-- component-emitter@1.2.1
48 silly currentTree | +-- debug@2.3.3
48 silly currentTree | `-- ms@0.7.2
48 silly currentTree +-- socket.io-parser@2.3.1
48 silly currentTree | `-- isarray@0.0.1
48 silly currentTree +-- socket.io@1.6.0
48 silly currentTree | +-- debug@2.3.3
48 silly currentTree | +-- ms@0.7.2
48 silly currentTree | `-- object-assign@4.1.0
48 silly currentTree +-- sort-keys@1.1.2
48 silly currentTree +-- source-map-support@0.2.10
48 silly currentTree | `-- source-map@0.1.32
48 silly currentTree +-- source-map@0.5.6
48 silly currentTree +-- spdx-correct@1.0.2
48 silly currentTree +-- spdx-expression-parse@1.0.4
48 silly currentTree +-- spdx-license-ids@1.2.2
48 silly currentTree +-- sprintf-js@1.1.0
48 silly currentTree +-- sshpk@1.13.0
48 silly currentTree | `-- assert-plus@1.0.0
48 silly currentTree +-- stable@0.1.6
48 silly currentTree +-- stack-trace@0.0.10
48 silly currentTree +-- statuses@1.3.1
48 silly currentTree +-- stream-throttle@0.1.3
48 silly currentTree +-- string_decoder@1.0.1
48 silly currentTree +-- string-template@1.0.0
48 silly currentTree +-- string-width@1.0.2
48 silly currentTree | +-- ansi-regex@2.1.1
48 silly currentTree | `-- strip-ansi@3.0.1
48 silly currentTree +-- stringmap@0.2.2
48 silly currentTree +-- stringset@0.2.1
48 silly currentTree +-- stringstream@0.0.5
48 silly currentTree +-- strip-ansi@0.3.0
48 silly currentTree +-- strip-bom@2.0.0
48 silly currentTree +-- strip-indent@1.0.1
48 silly currentTree +-- strip-json-comments@2.0.1
48 silly currentTree +-- supports-color@0.2.0
48 silly currentTree +-- symbol-observable@1.0.4
48 silly currentTree +-- symlink-or-copy@1.1.8
48 silly currentTree +-- systemjs@0.19.27
48 silly currentTree +-- tar-fs@1.13.2
48 silly currentTree | +-- minimist@0.0.8
48 silly currentTree | `-- mkdirp@0.5.1
48 silly currentTree +-- tar-stream@1.5.4
48 silly currentTree +-- textextensions@2.1.0
48 silly currentTree +-- tfunk@3.1.0
48 silly currentTree | +-- ansi-regex@2.1.1
48 silly currentTree | +-- ansi-styles@2.2.1
48 silly currentTree | +-- chalk@1.1.3
48 silly currentTree | +-- has-ansi@2.0.0
48 silly currentTree | +-- strip-ansi@3.0.1
48 silly currentTree | `-- supports-color@2.0.0
48 silly currentTree +-- thenify@3.3.0
48 silly currentTree +-- throat@3.0.0
48 silly currentTree +-- through@2.3.8
48 silly currentTree +-- throwback@1.1.1
48 silly currentTree +-- timed-out@3.1.3
48 silly currentTree +-- tmp@0.0.28
48 silly currentTree +-- to-array@0.1.4
48 silly currentTree +-- to-fast-properties@1.0.3
48 silly currentTree +-- touch@1.0.0
48 silly currentTree | `-- nopt@1.0.10
48 silly currentTree +-- tough-cookie@2.3.2
48 silly currentTree +-- traverse@0.3.9
48 silly currentTree +-- trim-newlines@1.0.0
48 silly currentTree +-- trim-right@1.0.1
48 silly currentTree +-- try-resolve@1.0.1
48 silly currentTree +-- tryor@0.1.2
48 silly currentTree +-- tslint@3.15.1
48 silly currentTree +-- tunnel-agent@0.4.3
48 silly currentTree +-- tweetnacl@0.14.5
48 silly currentTree +-- typedarray@0.0.6
48 silly currentTree +-- typescript@2.3.3
48 silly currentTree +-- typings-core@1.6.1
48 silly currentTree | +-- minimist@0.0.8
48 silly currentTree | `-- mkdirp@0.5.1
48 silly currentTree +-- typings@1.5.0
48 silly currentTree | +-- ansi-regex@2.1.1
48 silly currentTree | +-- ansi-styles@2.2.1
48 silly currentTree | +-- bluebird@3.5.0
48 silly currentTree | +-- chalk@1.1.3
48 silly currentTree | +-- has-ansi@2.0.0
48 silly currentTree | +-- strip-ansi@3.0.1
48 silly currentTree | +-- supports-color@2.0.0
48 silly currentTree | `-- wordwrap@1.0.0
48 silly currentTree +-- ua-parser-js@0.7.12
48 silly currentTree +-- ultron@1.0.2
48 silly currentTree +-- unc-path-regex@0.1.2
48 silly currentTree +-- underscore.string@3.3.4
48 silly currentTree +-- underscore@1.7.0
48 silly currentTree +-- universalify@0.1.0
48 silly currentTree +-- unpipe@1.0.0
48 silly currentTree +-- unzip-response@1.0.2
48 silly currentTree +-- update-notifier@1.0.3
48 silly currentTree | +-- ansi-regex@2.1.1
48 silly currentTree | +-- ansi-styles@2.2.1
48 silly currentTree | +-- chalk@1.1.3
48 silly currentTree | +-- has-ansi@2.0.0
48 silly currentTree | +-- strip-ansi@3.0.1
48 silly currentTree | `-- supports-color@2.0.0
48 silly currentTree +-- url-parse-lax@1.0.0
48 silly currentTree +-- user-home@1.1.1
48 silly currentTree +-- username-sync@1.0.1
48 silly currentTree +-- util-deprecate@1.0.2
48 silly currentTree +-- utils-merge@1.0.0
48 silly currentTree +-- uuid@2.0.3
48 silly currentTree +-- valid-url@1.0.9
48 silly currentTree +-- validate-npm-package-license@3.0.1
48 silly currentTree +-- verror@1.3.6
48 silly currentTree +-- vlq@0.2.2
48 silly currentTree +-- walk-sync@0.3.1
48 silly currentTree +-- wcwidth@1.0.1
48 silly currentTree +-- weinre@2.0.0-pre-I0Z7U9OV
48 silly currentTree +-- when@3.7.8
48 silly currentTree +-- which-module@1.0.0
48 silly currentTree +-- widest-line@1.0.0
48 silly currentTree +-- window-size@0.1.4
48 silly currentTree +-- winston@2.3.1
48 silly currentTree | +-- async@1.0.0
48 silly currentTree | `-- colors@1.0.3
48 silly currentTree +-- wordwrap@0.0.3
48 silly currentTree +-- wrap-ansi@2.1.0
48 silly currentTree | +-- ansi-regex@2.1.1
48 silly currentTree | `-- strip-ansi@3.0.1
48 silly currentTree +-- wrappy@1.0.2
48 silly currentTree +-- write-file-atomic@1.3.4
48 silly currentTree +-- ws@1.1.1
48 silly currentTree +-- wtf-8@1.0.0
48 silly currentTree +-- xdg-basedir@2.0.0
48 silly currentTree +-- xmlhttprequest-ssl@1.5.3
48 silly currentTree +-- xtend@4.0.1
48 silly currentTree +-- y18n@3.2.1
48 silly currentTree +-- yargs-parser@4.2.1
48 silly currentTree | `-- camelcase@3.0.0
48 silly currentTree +-- yargs@6.4.0
48 silly currentTree | +-- camelcase@3.0.0
48 silly currentTree | `-- window-size@0.2.0
48 silly currentTree +-- yeast@0.1.2
48 silly currentTree +-- zip-object@0.1.0
48 silly currentTree `-- zone.js@0.6.26
49 silly idealTree product-management@1.0.0
49 silly idealTree +-- @angular/common@2.0.0
49 silly idealTree +-- @angular/compiler@2.0.0
49 silly idealTree +-- @angular/core@2.0.0
49 silly idealTree +-- @angular/forms@2.0.0
49 silly idealTree +-- @angular/http@2.0.0
49 silly idealTree +-- @angular/platform-browser-dynamic@2.0.0
49 silly idealTree +-- @angular/platform-browser@2.0.0
49 silly idealTree +-- @angular/router@3.0.0
49 silly idealTree +-- abbrev@1.1.0
49 silly idealTree +-- accepts@1.3.3
49 silly idealTree +-- acorn-jsx@3.0.1
49 silly idealTree +-- acorn-object-spread@1.0.0
49 silly idealTree +-- acorn@3.3.0
49 silly idealTree +-- after@0.8.1
49 silly idealTree +-- agent-base@2.0.1
49 silly idealTree | `-- semver@5.0.3
49 silly idealTree +-- align-text@0.1.4
49 silly idealTree +-- alter@0.2.0
49 silly idealTree +-- amdefine@1.0.1
49 silly idealTree +-- angular-ide-loader@0.9.13
49 silly idealTree +-- angular-ide@0.9.22
49 silly idealTree | +-- ansi-regex@2.1.1
49 silly idealTree | +-- ansi-styles@2.2.1
49 silly idealTree | +-- chalk@1.1.3
49 silly idealTree | +-- chokidar@1.6.1
49 silly idealTree | +-- debug@2.6.0
49 silly idealTree | +-- fs-extra@2.1.2
49 silly idealTree | +-- has-ansi@2.0.0
49 silly idealTree | +-- jsonfile@2.4.0
49 silly idealTree | +-- ms@0.7.2
49 silly idealTree | +-- rxjs@5.0.1
49 silly idealTree | +-- strip-ansi@3.0.1
49 silly idealTree | `-- supports-color@2.0.0
49 silly idealTree +-- ansi-align@1.1.0
49 silly idealTree +-- ansi-escapes@1.4.0
49 silly idealTree +-- ansi-regex@0.2.1
49 silly idealTree +-- ansi-styles@1.1.0
49 silly idealTree +-- any-promise@1.3.0
49 silly idealTree +-- anymatch@1.3.0
49 silly idealTree +-- archy@1.0.0
49 silly idealTree +-- arr-diff@2.0.0
49 silly idealTree +-- arr-flatten@1.0.3
49 silly idealTree +-- array-equal@1.0.0
49 silly idealTree +-- array-find-index@1.0.2
49 silly idealTree +-- array-uniq@1.0.3
49 silly idealTree +-- array-unique@0.2.1
49 silly idealTree +-- arraybuffer.slice@0.0.6
49 silly idealTree +-- arrify@1.0.1
49 silly idealTree +-- asn1@0.2.3
49 silly idealTree +-- assert-plus@0.2.0
49 silly idealTree +-- ast-traverse@0.1.1
49 silly idealTree +-- ast-types@0.9.6
49 silly idealTree +-- async-disk-cache@1.3.2
49 silly idealTree | +-- minimist@0.0.8
49 silly idealTree | `-- mkdirp@0.5.1
49 silly idealTree +-- async-each-series@0.1.1
49 silly idealTree +-- async-each@1.0.1
49 silly idealTree +-- async@1.5.2
49 silly idealTree +-- asynckit@0.4.0
49 silly idealTree +-- aws-sign2@0.6.0
49 silly idealTree +-- aws4@1.6.0
49 silly idealTree +-- babel-core@5.8.38
49 silly idealTree | +-- ansi-regex@2.1.1
49 silly idealTree | +-- ansi-styles@2.2.1
49 silly idealTree | +-- bluebird@2.11.0
49 silly idealTree | +-- chalk@1.1.3
49 silly idealTree | +-- core-js@1.2.7
49 silly idealTree | +-- detect-indent@3.0.1
49 silly idealTree | +-- has-ansi@2.0.0
49 silly idealTree | +-- js-tokens@1.0.1
49 silly idealTree | +-- lodash@3.10.1
49 silly idealTree | +-- minimatch@2.0.10
49 silly idealTree | +-- path-exists@1.0.0
49 silly idealTree | +-- repeating@1.1.3
49 silly idealTree | +-- strip-ansi@3.0.1
49 silly idealTree | `-- supports-color@2.0.0
49 silly idealTree +-- babel-plugin-constant-folding@1.0.1
49 silly idealTree +-- babel-plugin-dead-code-elimination@1.0.2
49 silly idealTree +-- babel-plugin-eval@1.0.1
49 silly idealTree +-- babel-plugin-inline-environment-variables@1.0.1
49 silly idealTree +-- babel-plugin-jscript@1.0.4
49 silly idealTree +-- babel-plugin-member-expression-literals@1.0.1
49 silly idealTree +-- babel-plugin-property-literals@1.0.1
49 silly idealTree +-- babel-plugin-proto-to-assign@1.0.4
49 silly idealTree | `-- lodash@3.10.1
49 silly idealTree +-- babel-plugin-react-constant-elements@1.0.3
49 silly idealTree +-- babel-plugin-react-display-name@1.0.3
49 silly idealTree +-- babel-plugin-remove-console@1.0.1
49 silly idealTree +-- babel-plugin-remove-debugger@1.0.1
49 silly idealTree +-- babel-plugin-runtime@1.0.7
49 silly idealTree +-- babel-plugin-undeclared-variables-check@1.0.2
49 silly idealTree +-- babel-plugin-undefined-to-void@1.1.6
49 silly idealTree +-- babylon@5.8.38
49 silly idealTree +-- backo2@1.0.2
49 silly idealTree +-- balanced-match@0.4.2
49 silly idealTree +-- base64-arraybuffer@0.1.5
49 silly idealTree +-- base64id@0.1.0
49 silly idealTree +-- batch@0.5.3
49 silly idealTree +-- bcrypt-pbkdf@1.0.1
49 silly idealTree +-- better-assert@1.0.2
49 silly idealTree +-- binary-extensions@1.8.0
49 silly idealTree +-- binary@0.3.0
49 silly idealTree +-- binaryextensions@2.0.0
49 silly idealTree +-- bl@1.2.1
49 silly idealTree +-- blank-object@1.0.2
49 silly idealTree +-- blob@0.0.4
49 silly idealTree +-- bluebird@2.9.6
49 silly idealTree +-- boom@2.10.1
49 silly idealTree +-- bootstrap@3.3.7
49 silly idealTree +-- boxen@0.6.0
49 silly idealTree | +-- ansi-regex@2.1.1
49 silly idealTree | +-- ansi-styles@2.2.1
49 silly idealTree | +-- camelcase@2.1.1
49 silly idealTree | +-- chalk@1.1.3
49 silly idealTree | +-- has-ansi@2.0.0
49 silly idealTree | +-- strip-ansi@3.0.1
49 silly idealTree | `-- supports-color@2.0.0
49 silly idealTree +-- brace-expansion@1.1.7
49 silly idealTree +-- braces@1.8.5
49 silly idealTree +-- breakable@1.0.0
49 silly idealTree +-- broccoli-babel-transpiler@5.6.2
49 silly idealTree | `-- clone@0.2.0
49 silly idealTree +-- broccoli-funnel@1.2.0
49 silly idealTree | +-- minimist@0.0.8
49 silly idealTree | `-- mkdirp@0.5.1
49 silly idealTree +-- broccoli-kitchen-sink-helpers@0.3.1
49 silly idealTree | +-- glob@5.0.15
49 silly idealTree | +-- minimist@0.0.8
49 silly idealTree | `-- mkdirp@0.5.1
49 silly idealTree +-- broccoli-merge-trees@1.2.4
49 silly idealTree +-- broccoli-persistent-filter@1.3.1
49 silly idealTree | +-- minimist@0.0.8
49 silly idealTree | `-- mkdirp@0.5.1
49 silly idealTree +-- broccoli-plugin@1.3.0
49 silly idealTree +-- browser-sync-client@2.5.1
49 silly idealTree +-- browser-sync-ui@0.6.3
49 silly idealTree +-- browser-sync@2.18.12
49 silly idealTree | `-- rx@4.1.0
49 silly idealTree +-- bs-recipes@1.3.4
49 silly idealTree +-- buble@0.12.5
49 silly idealTree | +-- ansi-regex@2.1.1
49 silly idealTree | +-- ansi-styles@2.2.1
49 silly idealTree | +-- chalk@1.1.3
49 silly idealTree | +-- has-ansi@2.0.0
49 silly idealTree | +-- strip-ansi@3.0.1
49 silly idealTree | `-- supports-color@2.0.0
49 silly idealTree +-- bubleify@0.5.1
49 silly idealTree +-- buffer-shims@1.0.0
49 silly idealTree +-- buffers@0.1.1
49 silly idealTree +-- builtin-modules@1.1.1
49 silly idealTree +-- callsite@1.0.0
49 silly idealTree +-- camelcase-keys@2.1.0
49 silly idealTree | `-- camelcase@2.1.1
49 silly idealTree +-- camelcase@1.2.1
49 silly idealTree +-- can-symlink@1.0.0
49 silly idealTree +-- capture-stack-trace@1.0.0
49 silly idealTree +-- caseless@0.11.0
49 silly idealTree +-- center-align@0.1.3
49 silly idealTree +-- chainsaw@0.1.0
49 silly idealTree +-- chalk@0.5.1
49 silly idealTree +-- chokidar@1.7.0
49 silly idealTree +-- cli-boxes@1.0.0
49 silly idealTree +-- cli-cursor@1.0.2
49 silly idealTree +-- cli-truncate@0.2.1
49 silly idealTree +-- cliui@3.2.0
49 silly idealTree | +-- ansi-regex@2.1.1
49 silly idealTree | `-- strip-ansi@3.0.1
49 silly idealTree +-- clone@1.0.2
49 silly idealTree +-- code-point-at@1.1.0
49 silly idealTree +-- colors@1.1.2
49 silly idealTree +-- columnify@1.5.4
49 silly idealTree | +-- ansi-regex@2.1.1
49 silly idealTree | `-- strip-ansi@3.0.1
49 silly idealTree +-- combined-stream@1.0.5
49 silly idealTree +-- commander@2.6.0
49 silly idealTree +-- commoner@0.10.8
49 silly idealTree | +-- esprima@3.1.3
49 silly idealTree | +-- glob@5.0.15
49 silly idealTree | +-- minimist@0.0.8
49 silly idealTree | +-- mkdirp@0.5.1
49 silly idealTree | `-- recast@0.11.23
49 silly idealTree +-- component-bind@1.0.0
49 silly idealTree +-- component-emitter@1.1.2
49 silly idealTree +-- component-inherit@0.0.3
49 silly idealTree +-- concat-map@0.0.1
49 silly idealTree +-- concat-stream@1.6.0
49 silly idealTree +-- concurrently@2.2.0
49 silly idealTree +-- configstore@2.1.0
49 silly idealTree | +-- minimist@0.0.8
49 silly idealTree | `-- mkdirp@0.5.1
49 silly idealTree +-- connect-history-api-fallback@1.3.0
49 silly idealTree +-- connect-logger@0.0.1
49 silly idealTree +-- connect@3.5.0
49 silly idealTree +-- convert-source-map@1.5.0
49 silly idealTree +-- cookie@0.3.1
49 silly idealTree +-- core-js@2.4.1
49 silly idealTree +-- core-util-is@1.0.2
49 silly idealTree +-- create-error-class@3.0.2
49 silly idealTree +-- cross-spawn@0.2.9
49 silly idealTree +-- cryptiles@2.0.5
49 silly idealTree +-- currently-unhandled@0.4.1
49 silly idealTree +-- cycle@1.0.3
49 silly idealTree +-- dashdash@1.14.1
49 silly idealTree | `-- assert-plus@1.0.0
49 silly idealTree +-- debug@2.2.0
49 silly idealTree +-- decamelize@1.2.0
49 silly idealTree +-- decompress-zip@0.3.0
49 silly idealTree | +-- isarray@0.0.1
49 silly idealTree | +-- readable-stream@1.1.14
49 silly idealTree | +-- string_decoder@0.10.31
49 silly idealTree | `-- touch@0.0.3
49 silly idealTree |   `-- nopt@1.0.10
49 silly idealTree +-- deep-extend@0.4.2
49 silly idealTree +-- defaults@1.0.3
49 silly idealTree +-- defined@1.0.0
49 silly idealTree +-- defs@1.1.1
49 silly idealTree | +-- cliui@2.1.0
49 silly idealTree | +-- wordwrap@0.0.2
49 silly idealTree | `-- yargs@3.27.0
49 silly idealTree +-- delayed-stream@1.0.0
49 silly idealTree +-- depd@1.1.0
49 silly idealTree +-- destroy@1.0.4
49 silly idealTree +-- detect-indent@4.0.0
49 silly idealTree +-- detective@4.5.0
49 silly idealTree | `-- acorn@4.0.11
49 silly idealTree +-- dev-ip@1.0.1
49 silly idealTree +-- diff@2.2.3
49 silly idealTree +-- dot-prop@3.0.0
49 silly idealTree +-- duplexer2@0.1.4
49 silly idealTree +-- easy-extender@2.3.2
49 silly idealTree | `-- lodash@3.10.1
49 silly idealTree +-- eazy-logger@3.0.2
49 silly idealTree +-- ecc-jsbn@0.1.1
49 silly idealTree +-- editions@1.3.3
49 silly idealTree +-- ee-first@1.1.1
49 silly idealTree +-- elegant-spinner@1.0.1
49 silly idealTree +-- ember-cli-babel@5.1.10
49 silly idealTree +-- ember-cli-version-checker@1.3.1
49 silly idealTree +-- emitter-steward@1.0.0
49 silly idealTree +-- encodeurl@1.0.1
49 silly idealTree +-- end-of-stream@1.4.0
49 silly idealTree +-- engine.io-client@1.8.0
49 silly idealTree | +-- component-emitter@1.2.1
49 silly idealTree | +-- debug@2.3.3
49 silly idealTree | `-- ms@0.7.2
49 silly idealTree +-- engine.io-parser@1.3.1
49 silly idealTree | +-- has-binary@0.1.6
49 silly idealTree | `-- isarray@0.0.1
49 silly idealTree +-- engine.io@1.8.0
49 silly idealTree | +-- debug@2.3.3
49 silly idealTree | `-- ms@0.7.2
49 silly idealTree +-- ensure-posix-path@1.0.2
49 silly idealTree +-- error-ex@1.3.1
49 silly idealTree +-- escape-html@1.0.3
49 silly idealTree +-- escape-string-regexp@1.0.5
49 silly idealTree +-- esprima-fb@15001.1001.0-dev-harmony-fb
49 silly idealTree +-- esutils@2.0.2
49 silly idealTree +-- etag@1.8.0
49 silly idealTree +-- eventemitter3@1.2.0
49 silly idealTree +-- exists-sync@0.0.4
49 silly idealTree +-- exit-hook@1.1.1
49 silly idealTree +-- expand-brackets@0.1.5
49 silly idealTree +-- expand-range@1.8.2
49 silly idealTree +-- express@2.5.11
49 silly idealTree | +-- connect@1.9.2
49 silly idealTree | `-- qs@0.4.2
49 silly idealTree +-- extend@3.0.1
49 silly idealTree +-- extglob@0.3.2
49 silly idealTree +-- extsprintf@1.0.2
49 silly idealTree +-- eyes@0.1.8
49 silly idealTree +-- fast-ordered-set@1.0.3
49 silly idealTree +-- filename-regex@2.0.1
49 silly idealTree +-- fill-range@2.2.3
49 silly idealTree +-- filled-array@1.1.0
49 silly idealTree +-- finalhandler@0.5.0
49 silly idealTree +-- find-up@1.1.2
49 silly idealTree +-- findup-sync@0.3.0
49 silly idealTree | `-- glob@5.0.15
49 silly idealTree +-- for-in@1.0.2
49 silly idealTree +-- for-own@0.1.5
49 silly idealTree +-- forever-agent@0.6.1
49 silly idealTree +-- form-data@2.1.4
49 silly idealTree +-- formidable@1.0.17
49 silly idealTree +-- fresh@0.3.0
49 silly idealTree +-- fs-extra@3.0.1
49 silly idealTree +-- fs-readdir-recursive@0.1.2
49 silly idealTree +-- fs-tree-diff@0.5.6
49 silly idealTree +-- fs.realpath@1.0.0
49 silly idealTree +-- function-bind@1.1.0
49 silly idealTree +-- generate-function@2.0.0
49 silly idealTree +-- generate-object-property@1.2.0
49 silly idealTree +-- get-caller-file@1.0.2
49 silly idealTree +-- get-stdin@4.0.1
49 silly idealTree +-- getpass@0.1.7
49 silly idealTree | `-- assert-plus@1.0.0
49 silly idealTree +-- glob-base@0.3.0
49 silly idealTree +-- glob-parent@2.0.0
49 silly idealTree +-- glob@7.1.2
49 silly idealTree +-- globals@6.4.1
49 silly idealTree +-- got@5.7.1
49 silly idealTree +-- graceful-fs@4.1.11
49 silly idealTree +-- graceful-readlink@1.0.1
49 silly idealTree +-- har-validator@2.0.6
49 silly idealTree | +-- ansi-regex@2.1.1
49 silly idealTree | +-- ansi-styles@2.2.1
49 silly idealTree | +-- chalk@1.1.3
49 silly idealTree | +-- commander@2.9.0
49 silly idealTree | +-- has-ansi@2.0.0
49 silly idealTree | +-- strip-ansi@3.0.1
49 silly idealTree | `-- supports-color@2.0.0
49 silly idealTree +-- has-ansi@0.1.0
49 silly idealTree +-- has-binary@0.1.7
49 silly idealTree | `-- isarray@0.0.1
49 silly idealTree +-- has-cors@1.1.0
49 silly idealTree +-- has-unicode@2.0.1
49 silly idealTree +-- has@1.0.1
49 silly idealTree +-- hash-for-dep@1.1.2
49 silly idealTree +-- hawk@3.1.3
49 silly idealTree +-- heimdalljs-logger@0.1.9
49 silly idealTree +-- heimdalljs@0.2.4
49 silly idealTree | `-- rsvp@3.2.1
49 silly idealTree +-- hoek@2.16.3
49 silly idealTree +-- home-or-tmp@1.0.0
49 silly idealTree +-- homedir@0.6.0
49 silly idealTree +-- hosted-git-info@2.4.2
49 silly idealTree +-- http-errors@1.5.1
49 silly idealTree +-- http-proxy-agent@1.0.0
49 silly idealTree +-- http-proxy@1.15.2
49 silly idealTree +-- http-signature@1.1.1
49 silly idealTree +-- https-proxy-agent@1.0.0
49 silly idealTree +-- humanize-plus@1.8.2
49 silly idealTree +-- iconv-lite@0.4.17
49 silly idealTree +-- immutable@3.8.1
49 silly idealTree +-- imurmurhash@0.1.4
49 silly idealTree +-- indent-string@2.1.0
49 silly idealTree +-- indexof@0.0.1
49 silly idealTree +-- inflight@1.0.6
49 silly idealTree +-- inherits@2.0.3
49 silly idealTree +-- ini@1.3.4
49 silly idealTree +-- intercept-stdout@0.1.2
49 silly idealTree +-- invariant@2.2.2
49 silly idealTree +-- invert-kv@1.0.0
49 silly idealTree +-- is-absolute@0.2.6
49 silly idealTree +-- is-arrayish@0.2.1
49 silly idealTree +-- is-binary-path@1.0.1
49 silly idealTree +-- is-buffer@1.1.5
49 silly idealTree +-- is-builtin-module@1.0.0
49 silly idealTree +-- is-dotfile@1.0.2
49 silly idealTree +-- is-equal-shallow@0.1.3
49 silly idealTree +-- is-extendable@0.1.1
49 silly idealTree +-- is-extglob@1.0.0
49 silly idealTree +-- is-finite@1.0.2
49 silly idealTree +-- is-fullwidth-code-point@1.0.0
49 silly idealTree +-- is-glob@2.0.1
49 silly idealTree +-- is-integer@1.0.7
49 silly idealTree +-- is-my-json-valid@2.16.0
49 silly idealTree +-- is-npm@1.0.0
49 silly idealTree +-- is-number-like@1.0.7
49 silly idealTree +-- is-number@2.1.0
49 silly idealTree +-- is-obj@1.0.1
49 silly idealTree +-- is-plain-obj@1.1.0
49 silly idealTree +-- is-posix-bracket@0.1.1
49 silly idealTree +-- is-primitive@2.0.0
49 silly idealTree +-- is-property@1.0.2
49 silly idealTree +-- is-redirect@1.0.0
49 silly idealTree +-- is-relative@0.2.1
49 silly idealTree +-- is-retry-allowed@1.1.0
49 silly idealTree +-- is-stream@1.1.0
49 silly idealTree +-- is-typedarray@1.0.0
49 silly idealTree +-- is-unc-path@0.1.2
49 silly idealTree +-- is-utf8@0.2.1
49 silly idealTree +-- is-windows@0.2.0
49 silly idealTree +-- isarray@1.0.0
49 silly idealTree +-- isobject@2.1.0
49 silly idealTree +-- isstream@0.1.2
49 silly idealTree +-- istextorbinary@2.1.0
49 silly idealTree +-- jju@1.3.0
49 silly idealTree +-- jodid25519@1.0.2
49 silly idealTree +-- js-tokens@3.0.1
49 silly idealTree +-- jsbn@0.1.1
49 silly idealTree +-- jsesc@0.5.0
49 silly idealTree +-- json-schema@0.2.3
49 silly idealTree +-- json-stable-stringify@1.0.1
49 silly idealTree +-- json-stringify-safe@5.0.1
49 silly idealTree +-- json3@3.3.2
49 silly idealTree +-- json5@0.4.0
49 silly idealTree +-- jsonfile@3.0.0
49 silly idealTree +-- jsonify@0.0.0
49 silly idealTree +-- jsonpointer@4.0.1
49 silly idealTree +-- jsprim@1.4.0
49 silly idealTree | `-- assert-plus@1.0.0
49 silly idealTree +-- kind-of@3.2.2
49 silly idealTree +-- latest-version@2.0.0
49 silly idealTree +-- lazy-cache@1.0.4
49 silly idealTree +-- lazy-req@1.1.0
49 silly idealTree +-- lcid@1.0.0
49 silly idealTree +-- leven@1.0.2
49 silly idealTree +-- limiter@1.1.0
49 silly idealTree +-- listify@1.0.0
49 silly idealTree +-- lite-server@2.3.0
49 silly idealTree +-- load-json-file@1.1.0
49 silly idealTree +-- localtunnel@1.8.2
49 silly idealTree | `-- yargs@3.29.0
49 silly idealTree +-- lockfile@1.0.3
49 silly idealTree +-- lodash._arraycopy@3.0.0
49 silly idealTree +-- lodash._basevalues@3.0.0
49 silly idealTree +-- lodash._getnative@3.9.1
49 silly idealTree +-- lodash.isarguments@3.1.0
49 silly idealTree +-- lodash.isarray@3.0.4
49 silly idealTree +-- lodash.isfinite@3.3.2
49 silly idealTree +-- lodash.keys@3.1.2
49 silly idealTree +-- lodash.toarray@3.0.2
49 silly idealTree +-- lodash@4.17.4
49 silly idealTree +-- log-update@1.0.2
49 silly idealTree +-- longest@1.0.1
49 silly idealTree +-- loose-envify@1.3.1
49 silly idealTree +-- loud-rejection@1.6.0
49 silly idealTree +-- lowercase-keys@1.0.0
49 silly idealTree +-- lru-cache@2.7.3
49 silly idealTree +-- magic-string@0.14.0
49 silly idealTree +-- make-error-cause@1.2.2
49 silly idealTree +-- make-error@1.3.0
49 silly idealTree +-- map-obj@1.0.1
49 silly idealTree +-- matcher-collection@1.0.4
49 silly idealTree +-- md5-hex@1.3.0
49 silly idealTree +-- md5-o-matic@0.1.1
49 silly idealTree +-- meow@3.7.0
49 silly idealTree +-- micromatch@2.3.11
49 silly idealTree +-- mime-db@1.27.0
49 silly idealTree +-- mime-types@2.1.15
49 silly idealTree +-- mime@1.2.4
49 silly idealTree +-- minimatch@3.0.4
49 silly idealTree +-- minimist@1.2.0
49 silly idealTree +-- mkdirp@0.3.0
49 silly idealTree +-- mkpath@0.1.0
49 silly idealTree +-- mktemp@0.4.0
49 silly idealTree +-- moment@2.18.1
49 silly idealTree +-- ms@0.7.1
49 silly idealTree +-- mt-downloader@2.2.1
49 silly idealTree | `-- rx@4.1.0
49 silly idealTree +-- muxer@1.0.1
49 silly idealTree | `-- rx@4.1.0
49 silly idealTree +-- negotiator@0.6.1
49 silly idealTree +-- node-status-codes@1.0.0
49 silly idealTree +-- node-uuid@1.4.8
49 silly idealTree +-- nopt@3.0.6
49 silly idealTree +-- normalize-package-data@2.3.8
49 silly idealTree +-- normalize-path@2.1.1
49 silly idealTree +-- npm@3.10.10
49 silly idealTree | +-- abbrev@1.0.9
49 silly idealTree | +-- ansi-regex@2.0.0
49 silly idealTree | +-- ansicolors@0.3.2
49 silly idealTree | +-- ansistyles@0.1.3
49 silly idealTree | +-- aproba@1.0.4
49 silly idealTree | +-- archy@1.0.0
49 silly idealTree | +-- asap@2.0.5
49 silly idealTree | +-- chownr@1.0.1
49 silly idealTree | +-- cmd-shim@2.0.2
49 silly idealTree | +-- columnify@1.5.4
49 silly idealTree | | `-- wcwidth@1.0.0
49 silly idealTree | |   `-- defaults@1.0.3
49 silly idealTree | |     `-- clone@1.0.2
49 silly idealTree | +-- config-chain@1.1.11
49 silly idealTree | | `-- proto-list@1.2.4
49 silly idealTree | +-- debuglog@1.0.1
49 silly idealTree | +-- dezalgo@1.0.3
49 silly idealTree | +-- editor@1.0.0
49 silly idealTree | +-- fs-vacuum@1.2.9
49 silly idealTree | +-- fs-write-stream-atomic@1.0.8
49 silly idealTree | +-- fstream-npm@1.2.0
49 silly idealTree | | `-- fstream-ignore@1.0.5
49 silly idealTree | |   `-- minimatch@3.0.3
49 silly idealTree | |     `-- brace-expansion@1.1.6
49 silly idealTree | |       +-- balanced-match@0.4.2
49 silly idealTree | |       `-- concat-map@0.0.1
49 silly idealTree | +-- fstream@1.0.10
49 silly idealTree | +-- glob@7.1.0
49 silly idealTree | | +-- fs.realpath@1.0.0
49 silly idealTree | | +-- minimatch@3.0.3
49 silly idealTree | | | `-- brace-expansion@1.1.6
49 silly idealTree | | |   +-- balanced-match@0.4.2
49 silly idealTree | | |   `-- concat-map@0.0.1
49 silly idealTree | | `-- path-is-absolute@1.0.1
49 silly idealTree | +-- graceful-fs@4.1.9
49 silly idealTree | +-- has-unicode@2.0.1
49 silly idealTree | +-- hosted-git-info@2.1.5
49 silly idealTree | +-- iferr@0.1.5
49 silly idealTree | +-- imurmurhash@0.1.4
49 silly idealTree | +-- inflight@1.0.5
49 silly idealTree | +-- inherits@2.0.3
49 silly idealTree | +-- ini@1.3.4
49 silly idealTree | +-- init-package-json@1.9.4
49 silly idealTree | | +-- glob@6.0.4
49 silly idealTree | | | +-- minimatch@3.0.3
49 silly idealTree | | | | `-- brace-expansion@1.1.6
49 silly idealTree | | | |   +-- balanced-match@0.4.2
49 silly idealTree | | | |   `-- concat-map@0.0.1
49 silly idealTree | | | `-- path-is-absolute@1.0.0
49 silly idealTree | | `-- promzard@0.3.0
49 silly idealTree | +-- lockfile@1.0.2
49 silly idealTree | +-- lodash._baseindexof@3.1.0
49 silly idealTree | +-- lodash._baseuniq@4.6.0
49 silly idealTree | | +-- lodash._createset@4.0.3
49 silly idealTree | | `-- lodash._root@3.0.1
49 silly idealTree | +-- lodash._bindcallback@3.0.1
49 silly idealTree | +-- lodash._cacheindexof@3.0.2
49 silly idealTree | +-- lodash._createcache@3.1.2
49 silly idealTree | +-- lodash._getnative@3.9.1
49 silly idealTree | +-- lodash.clonedeep@4.5.0
49 silly idealTree | +-- lodash.restparam@3.6.1
49 silly idealTree | +-- lodash.union@4.6.0
49 silly idealTree | +-- lodash.uniq@4.5.0
49 silly idealTree | +-- lodash.without@4.4.0
49 silly idealTree | +-- mkdirp@0.5.1
49 silly idealTree | | `-- minimist@0.0.8
49 silly idealTree | +-- node-gyp@3.4.0
49 silly idealTree | | +-- minimatch@3.0.3
49 silly idealTree | | | `-- brace-expansion@1.1.6
49 silly idealTree | | |   +-- balanced-match@0.4.2
49 silly idealTree | | |   `-- concat-map@0.0.1
49 silly idealTree | | +-- npmlog@3.1.2
49 silly idealTree | | | +-- are-we-there-yet@1.1.2
49 silly idealTree | | | | `-- delegates@1.0.0
49 silly idealTree | | | +-- console-control-strings@1.1.0
49 silly idealTree | | | +-- gauge@2.6.0
49 silly idealTree | | | | +-- has-color@0.1.7
49 silly idealTree | | | | +-- object-assign@4.1.0
49 silly idealTree | | | | +-- signal-exit@3.0.0
49 silly idealTree | | | | +-- string-width@1.0.2
49 silly idealTree | | | | | +-- code-point-at@1.0.0
49 silly idealTree | | | | | | `-- number-is-nan@1.0.0
49 silly idealTree | | | | | `-- is-fullwidth-code-point@1.0.0
49 silly idealTree | | | | |   `-- number-is-nan@1.0.0
49 silly idealTree | | | | `-- wide-align@1.1.0
49 silly idealTree | | | `-- set-blocking@2.0.0
49 silly idealTree | | `-- path-array@1.0.1
49 silly idealTree | |   `-- array-index@1.0.0
49 silly idealTree | |     +-- debug@2.2.0
49 silly idealTree | |     | `-- ms@0.7.1
49 silly idealTree | |     `-- es6-symbol@3.1.0
49 silly idealTree | |       +-- d@0.1.1
49 silly idealTree | |       `-- es5-ext@0.10.12
49 silly idealTree | |         `-- es6-iterator@2.0.0
49 silly idealTree | +-- nopt@3.0.6
49 silly idealTree | +-- normalize-git-url@3.0.2
49 silly idealTree | +-- normalize-package-data@2.3.5
49 silly idealTree | | `-- is-builtin-module@1.0.0
49 silly idealTree | |   `-- builtin-modules@1.1.1
49 silly idealTree | +-- npm-cache-filename@1.0.2
49 silly idealTree | +-- npm-install-checks@3.0.0
49 silly idealTree | +-- npm-package-arg@4.2.0
49 silly idealTree | +-- npm-registry-client@7.2.1
49 silly idealTree | | +-- concat-stream@1.5.2
49 silly idealTree | | | +-- readable-stream@2.0.6
49 silly idealTree | | | | +-- core-util-is@1.0.2
49 silly idealTree | | | | +-- isarray@1.0.0
49 silly idealTree | | | | +-- process-nextick-args@1.0.7
49 silly idealTree | | | | +-- string_decoder@0.10.31
49 silly idealTree | | | | `-- util-deprecate@1.0.2
49 silly idealTree | | | `-- typedarray@0.0.6
49 silly idealTree | | +-- npmlog@3.1.2
49 silly idealTree | | | +-- are-we-there-yet@1.1.2
49 silly idealTree | | | | `-- delegates@1.0.0
49 silly idealTree | | | +-- console-control-strings@1.1.0
49 silly idealTree | | | +-- gauge@2.6.0
49 silly idealTree | | | | +-- has-color@0.1.7
49 silly idealTree | | | | +-- object-assign@4.1.0
49 silly idealTree | | | | +-- signal-exit@3.0.0
49 silly idealTree | | | | +-- string-width@1.0.2
49 silly idealTree | | | | | +-- code-point-at@1.0.0
49 silly idealTree | | | | | | `-- number-is-nan@1.0.0
49 silly idealTree | | | | | `-- is-fullwidth-code-point@1.0.0
49 silly idealTree | | | | |   `-- number-is-nan@1.0.0
49 silly idealTree | | | | `-- wide-align@1.1.0
49 silly idealTree | | | `-- set-blocking@2.0.0
49 silly idealTree | | `-- retry@0.10.0
49 silly idealTree | +-- npm-user-validate@0.1.5
49 silly idealTree | +-- npmlog@4.0.0
49 silly idealTree | | +-- are-we-there-yet@1.1.2
49 silly idealTree | | | `-- delegates@1.0.0
49 silly idealTree | | +-- console-control-strings@1.1.0
49 silly idealTree | | +-- gauge@2.6.0
49 silly idealTree | | | +-- has-color@0.1.7
49 silly idealTree | | | +-- object-assign@4.1.0
49 silly idealTree | | | +-- signal-exit@3.0.0
49 silly idealTree | | | +-- string-width@1.0.2
49 silly idealTree | | | | +-- code-point-at@1.0.0
49 silly idealTree | | | | | `-- number-is-nan@1.0.0
49 silly idealTree | | | | `-- is-fullwidth-code-point@1.0.0
49 silly idealTree | | | |   `-- number-is-nan@1.0.0
49 silly idealTree | | | `-- wide-align@1.1.0
49 silly idealTree | | `-- set-blocking@2.0.0
49 silly idealTree | +-- once@1.4.0
49 silly idealTree | +-- opener@1.4.2
49 silly idealTree | +-- osenv@0.1.3
49 silly idealTree | | +-- os-homedir@1.0.1
49 silly idealTree | | `-- os-tmpdir@1.0.1
49 silly idealTree | +-- path-is-inside@1.0.2
49 silly idealTree | +-- read-cmd-shim@1.0.1
49 silly idealTree | +-- read-installed@4.0.3
49 silly idealTree | | `-- util-extend@1.0.3
49 silly idealTree | +-- read-package-json@2.0.4
49 silly idealTree | | +-- glob@6.0.4
49 silly idealTree | | | +-- minimatch@3.0.3
49 silly idealTree | | | | `-- brace-expansion@1.1.6
49 silly idealTree | | | |   +-- balanced-match@0.4.2
49 silly idealTree | | | |   `-- concat-map@0.0.1
49 silly idealTree | | | `-- path-is-absolute@1.0.0
49 silly idealTree | | `-- json-parse-helpfulerror@1.0.3
49 silly idealTree | |   `-- jju@1.3.0
49 silly idealTree | +-- read-package-tree@5.1.5
49 silly idealTree | +-- read@1.0.7
49 silly idealTree | | `-- mute-stream@0.0.5
49 silly idealTree | +-- readable-stream@2.1.5
49 silly idealTree | | +-- buffer-shims@1.0.0
49 silly idealTree | | +-- core-util-is@1.0.2
49 silly idealTree | | +-- isarray@1.0.0
49 silly idealTree | | +-- process-nextick-args@1.0.7
49 silly idealTree | | +-- string_decoder@0.10.31
49 silly idealTree | | `-- util-deprecate@1.0.2
49 silly idealTree | +-- readdir-scoped-modules@1.0.2
49 silly idealTree | +-- realize-package-specifier@3.0.3
49 silly idealTree | +-- request@2.75.0
49 silly idealTree | | +-- aws-sign2@0.6.0
49 silly idealTree | | +-- aws4@1.4.1
49 silly idealTree | | +-- bl@1.1.2
49 silly idealTree | | | `-- readable-stream@2.0.6
49 silly idealTree | | |   +-- core-util-is@1.0.2
49 silly idealTree | | |   +-- isarray@1.0.0
49 silly idealTree | | |   +-- process-nextick-args@1.0.7
49 silly idealTree | | |   +-- string_decoder@0.10.31
49 silly idealTree | | |   `-- util-deprecate@1.0.2
49 silly idealTree | | +-- caseless@0.11.0
49 silly idealTree | | +-- combined-stream@1.0.5
49 silly idealTree | | | `-- delayed-stream@1.0.0
49 silly idealTree | | +-- extend@3.0.0
49 silly idealTree | | +-- forever-agent@0.6.1
49 silly idealTree | | +-- form-data@2.0.0
49 silly idealTree | | | `-- asynckit@0.4.0
49 silly idealTree | | +-- har-validator@2.0.6
49 silly idealTree | | | +-- chalk@1.1.3
49 silly idealTree | | | | +-- ansi-styles@2.2.1
49 silly idealTree | | | | +-- escape-string-regexp@1.0.5
49 silly idealTree | | | | +-- has-ansi@2.0.0
49 silly idealTree | | | | `-- supports-color@2.0.0
49 silly idealTree | | | +-- commander@2.9.0
49 silly idealTree | | | | `-- graceful-readlink@1.0.1
49 silly idealTree | | | +-- is-my-json-valid@2.15.0
49 silly idealTree | | | | +-- generate-function@2.0.0
49 silly idealTree | | | | +-- generate-object-property@1.2.0
49 silly idealTree | | | | | `-- is-property@1.0.2
49 silly idealTree | | | | +-- jsonpointer@4.0.0
49 silly idealTree | | | | `-- xtend@4.0.1
49 silly idealTree | | | `-- pinkie-promise@2.0.1
49 silly idealTree | | |   `-- pinkie@2.0.4
49 silly idealTree | | +-- hawk@3.1.3
49 silly idealTree | | | +-- boom@2.10.1
49 silly idealTree | | | +-- cryptiles@2.0.5
49 silly idealTree | | | +-- hoek@2.16.3
49 silly idealTree | | | `-- sntp@1.0.9
49 silly idealTree | | +-- http-signature@1.1.1
49 silly idealTree | | | +-- assert-plus@0.2.0
49 silly idealTree | | | +-- jsprim@1.3.1
49 silly idealTree | | | | +-- extsprintf@1.0.2
49 silly idealTree | | | | +-- json-schema@0.2.3
49 silly idealTree | | | | `-- verror@1.3.6
49 silly idealTree | | | `-- sshpk@1.10.1
49 silly idealTree | | |   +-- asn1@0.2.3
49 silly idealTree | | |   +-- assert-plus@1.0.0
49 silly idealTree | | |   +-- bcrypt-pbkdf@1.0.0
49 silly idealTree | | |   +-- dashdash@1.14.0
49 silly idealTree | | |   +-- ecc-jsbn@0.1.1
49 silly idealTree | | |   +-- getpass@0.1.6
49 silly idealTree | | |   +-- jodid25519@1.0.2
49 silly idealTree | | |   +-- jsbn@0.1.0
49 silly idealTree | | |   `-- tweetnacl@0.14.3
49 silly idealTree | | +-- is-typedarray@1.0.0
49 silly idealTree | | +-- isstream@0.1.2
49 silly idealTree | | +-- json-stringify-safe@5.0.1
49 silly idealTree | | +-- mime-types@2.1.12
49 silly idealTree | | | `-- mime-db@1.24.0
49 silly idealTree | | +-- node-uuid@1.4.7
49 silly idealTree | | +-- oauth-sign@0.8.2
49 silly idealTree | | +-- qs@6.2.1
49 silly idealTree | | +-- stringstream@0.0.5
49 silly idealTree | | +-- tough-cookie@2.3.1
49 silly idealTree | | `-- tunnel-agent@0.4.3
49 silly idealTree | +-- retry@0.10.0
49 silly idealTree | +-- rimraf@2.5.4
49 silly idealTree | +-- semver@5.3.0
49 silly idealTree | +-- sha@2.0.1
49 silly idealTree | +-- slide@1.1.6
49 silly idealTree | +-- sorted-object@2.0.1
49 silly idealTree | +-- strip-ansi@3.0.1
49 silly idealTree | +-- tar@2.2.1
49 silly idealTree | | `-- block-stream@0.0.8
49 silly idealTree | +-- text-table@0.2.0
49 silly idealTree | +-- uid-number@0.0.6
49 silly idealTree | +-- umask@1.1.0
49 silly idealTree | +-- unique-filename@1.1.0
49 silly idealTree | | `-- unique-slug@2.0.0
49 silly idealTree | +-- unpipe@1.0.0
49 silly idealTree | +-- validate-npm-package-license@3.0.1
49 silly idealTree | | +-- spdx-correct@1.0.2
49 silly idealTree | | | `-- spdx-license-ids@1.2.0
49 silly idealTree | | `-- spdx-expression-parse@1.0.2
49 silly idealTree | |   +-- spdx-exceptions@1.0.4
49 silly idealTree | |   `-- spdx-license-ids@1.2.0
49 silly idealTree | +-- validate-npm-package-name@2.2.2
49 silly idealTree | | `-- builtins@0.0.7
49 silly idealTree | +-- which@1.2.11
49 silly idealTree | | `-- isexe@1.1.2
49 silly idealTree | +-- wrappy@1.0.2
49 silly idealTree | `-- write-file-atomic@1.2.0
49 silly idealTree +-- number-is-nan@1.0.1
49 silly idealTree +-- oauth-sign@0.8.2
49 silly idealTree +-- object-assign@4.1.1
49 silly idealTree +-- object-component@0.0.3
49 silly idealTree +-- object-path@0.9.2
49 silly idealTree +-- object.omit@2.0.1
49 silly idealTree +-- object.pick@1.2.0
49 silly idealTree +-- on-finished@2.3.0
49 silly idealTree +-- once@1.4.0
49 silly idealTree +-- onetime@1.1.0
49 silly idealTree +-- openurl@1.1.0
49 silly idealTree +-- opn@4.0.2
49 silly idealTree +-- optimist@0.6.1
49 silly idealTree | `-- minimist@0.0.10
49 silly idealTree +-- options@0.0.6
49 silly idealTree +-- os-homedir@1.0.2
49 silly idealTree +-- os-locale@1.4.0
49 silly idealTree +-- os-tmpdir@1.0.2
49 silly idealTree +-- osenv@0.1.4
49 silly idealTree +-- output-file-sync@1.1.2
49 silly idealTree | +-- minimist@0.0.8
49 silly idealTree | `-- mkdirp@0.5.1
49 silly idealTree +-- package-json@2.4.0
49 silly idealTree +-- parse-glob@3.0.4
49 silly idealTree +-- parse-json@2.2.0
49 silly idealTree +-- parsejson@0.0.3
49 silly idealTree +-- parseqs@0.0.5
49 silly idealTree +-- parseuri@0.0.5
49 silly idealTree +-- parseurl@1.3.1
49 silly idealTree +-- path-exists@2.1.0
49 silly idealTree +-- path-is-absolute@1.0.1
49 silly idealTree +-- path-parse@1.0.5
49 silly idealTree +-- path-posix@1.0.0
49 silly idealTree +-- path-type@1.1.0
49 silly idealTree +-- pify@2.3.0
49 silly idealTree +-- pinkie-promise@2.0.1
49 silly idealTree +-- pinkie@2.0.4
49 silly idealTree +-- popsicle-proxy-agent@3.0.0
49 silly idealTree +-- popsicle-retry@3.2.1
49 silly idealTree +-- popsicle-rewrite@1.0.0
49 silly idealTree +-- popsicle-status@2.0.0
49 silly idealTree +-- popsicle@8.2.0
49 silly idealTree +-- portscanner@2.1.1
49 silly idealTree +-- prepend-http@1.0.4
49 silly idealTree +-- preserve@0.2.0
49 silly idealTree +-- private@0.1.7
49 silly idealTree +-- process-nextick-args@1.0.7
49 silly idealTree +-- progress@1.1.8
49 silly idealTree +-- promise-finally@2.2.1
49 silly idealTree +-- promise-map-series@0.2.3
49 silly idealTree +-- pump@1.0.2
49 silly idealTree +-- punycode@1.4.1
49 silly idealTree +-- q@1.4.1
49 silly idealTree +-- qs@6.2.1
49 silly idealTree +-- quick-temp@0.1.8
49 silly idealTree +-- ramda@0.21.0
49 silly idealTree +-- randomatic@1.1.6
49 silly idealTree +-- range-parser@1.2.0
49 silly idealTree +-- rc@1.2.1
49 silly idealTree +-- read-all-stream@3.1.0
49 silly idealTree +-- read-pkg-up@1.0.1
49 silly idealTree +-- read-pkg@1.1.0
49 silly idealTree +-- readable-stream@2.2.9
49 silly idealTree +-- readdirp@2.1.0
49 silly idealTree +-- recast@0.10.33
49 silly idealTree | `-- ast-types@0.8.12
49 silly idealTree +-- redent@1.0.0
49 silly idealTree +-- reflect-metadata@0.1.10
49 silly idealTree +-- regenerate@1.3.2
49 silly idealTree +-- regenerator@0.8.40
49 silly idealTree +-- regex-cache@0.4.3
49 silly idealTree +-- regexpu@1.3.0
49 silly idealTree | `-- esprima@2.7.3
49 silly idealTree +-- registry-auth-token@3.3.1
49 silly idealTree +-- registry-url@3.1.0
49 silly idealTree +-- regjsgen@0.2.0
49 silly idealTree +-- regjsparser@0.1.5
49 silly idealTree +-- remove-trailing-separator@1.0.1
49 silly idealTree +-- repeat-element@1.1.2
49 silly idealTree +-- repeat-string@1.6.1
49 silly idealTree +-- repeating@2.0.1
49 silly idealTree +-- request@2.78.0
49 silly idealTree | `-- qs@6.3.2
49 silly idealTree +-- require-directory@2.1.1
49 silly idealTree +-- require-main-filename@1.0.1
49 silly idealTree +-- requires-port@1.0.0
49 silly idealTree +-- resolve@1.3.3
49 silly idealTree +-- resp-modifier@6.0.2
49 silly idealTree +-- restore-cursor@1.0.1
49 silly idealTree +-- right-align@0.1.3
49 silly idealTree +-- rimraf@2.6.1
49 silly idealTree +-- rsvp@3.5.0
49 silly idealTree +-- rx@2.3.24
49 silly idealTree +-- rxjs@5.0.0-beta.12
49 silly idealTree +-- safe-buffer@5.0.1
49 silly idealTree +-- semver-diff@2.1.0
49 silly idealTree +-- semver@5.3.0
49 silly idealTree +-- send@0.15.2
49 silly idealTree | +-- debug@2.6.4
49 silly idealTree | | `-- ms@0.7.3
49 silly idealTree | +-- fresh@0.5.0
49 silly idealTree | +-- http-errors@1.6.1
49 silly idealTree | +-- mime@1.3.4
49 silly idealTree | +-- ms@1.0.0
49 silly idealTree | `-- setprototypeof@1.0.3
49 silly idealTree +-- serve-index@1.8.0
49 silly idealTree +-- serve-static@1.12.2
49 silly idealTree +-- server-destroy@1.0.1
49 silly idealTree +-- set-blocking@2.0.0
49 silly idealTree +-- set-immediate-shim@1.0.1
49 silly idealTree +-- setprototypeof@1.0.2
49 silly idealTree +-- shebang-regex@1.0.0
49 silly idealTree +-- signal-exit@3.0.2
49 silly idealTree +-- simple-fmt@0.1.0
49 silly idealTree +-- simple-is@0.2.0
49 silly idealTree +-- slash@1.0.0
49 silly idealTree +-- slashes@1.0.5
49 silly idealTree +-- slice-ansi@0.0.4
49 silly idealTree +-- slide@1.1.6
49 silly idealTree +-- sntp@1.0.9
49 silly idealTree +-- socket.io-adapter@0.5.0
49 silly idealTree | +-- debug@2.3.3
49 silly idealTree | `-- ms@0.7.2
49 silly idealTree +-- socket.io-client@1.6.0
49 silly idealTree | +-- component-emitter@1.2.1
49 silly idealTree | +-- debug@2.3.3
49 silly idealTree | `-- ms@0.7.2
49 silly idealTree +-- socket.io-parser@2.3.1
49 silly idealTree | `-- isarray@0.0.1
49 silly idealTree +-- socket.io@1.6.0
49 silly idealTree | +-- debug@2.3.3
49 silly idealTree | +-- ms@0.7.2
49 silly idealTree | `-- object-assign@4.1.0
49 silly idealTree +-- sort-keys@1.1.2
49 silly idealTree +-- source-map-support@0.2.10
49 silly idealTree | `-- source-map@0.1.32
49 silly idealTree +-- source-map@0.5.6
49 silly idealTree +-- spdx-correct@1.0.2
49 silly idealTree +-- spdx-expression-parse@1.0.4
49 silly idealTree +-- spdx-license-ids@1.2.2
49 silly idealTree +-- sprintf-js@1.1.0
49 silly idealTree +-- sshpk@1.13.0
49 silly idealTree | `-- assert-plus@1.0.0
49 silly idealTree +-- stable@0.1.6
49 silly idealTree +-- stack-trace@0.0.10
49 silly idealTree +-- statuses@1.3.1
49 silly idealTree +-- stream-throttle@0.1.3
49 silly idealTree +-- string_decoder@1.0.1
49 silly idealTree +-- string-template@1.0.0
49 silly idealTree +-- string-width@1.0.2
49 silly idealTree | +-- ansi-regex@2.1.1
49 silly idealTree | `-- strip-ansi@3.0.1
49 silly idealTree +-- stringmap@0.2.2
49 silly idealTree +-- stringset@0.2.1
49 silly idealTree +-- stringstream@0.0.5
49 silly idealTree +-- strip-ansi@0.3.0
49 silly idealTree +-- strip-bom@2.0.0
49 silly idealTree +-- strip-indent@1.0.1
49 silly idealTree +-- strip-json-comments@2.0.1
49 silly idealTree +-- supports-color@0.2.0
49 silly idealTree +-- symbol-observable@1.0.4
49 silly idealTree +-- symlink-or-copy@1.1.8
49 silly idealTree +-- systemjs@0.19.27
49 silly idealTree +-- tar-fs@1.13.2
49 silly idealTree | +-- minimist@0.0.8
49 silly idealTree | `-- mkdirp@0.5.1
49 silly idealTree +-- tar-stream@1.5.4
49 silly idealTree +-- textextensions@2.1.0
49 silly idealTree +-- tfunk@3.1.0
49 silly idealTree | +-- ansi-regex@2.1.1
49 silly idealTree | +-- ansi-styles@2.2.1
49 silly idealTree | +-- chalk@1.1.3
49 silly idealTree | +-- has-ansi@2.0.0
49 silly idealTree | +-- strip-ansi@3.0.1
49 silly idealTree | `-- supports-color@2.0.0
49 silly idealTree +-- thenify@3.3.0
49 silly idealTree +-- throat@3.0.0
49 silly idealTree +-- through@2.3.8
49 silly idealTree +-- throwback@1.1.1
49 silly idealTree +-- timed-out@3.1.3
49 silly idealTree +-- tmp@0.0.28
49 silly idealTree +-- to-array@0.1.4
49 silly idealTree +-- to-fast-properties@1.0.3
49 silly idealTree +-- touch@1.0.0
49 silly idealTree | `-- nopt@1.0.10
49 silly idealTree +-- tough-cookie@2.3.2
49 silly idealTree +-- traverse@0.3.9
49 silly idealTree +-- trim-newlines@1.0.0
49 silly idealTree +-- trim-right@1.0.1
49 silly idealTree +-- try-resolve@1.0.1
49 silly idealTree +-- tryor@0.1.2
49 silly idealTree +-- tslint@3.15.1
49 silly idealTree +-- tunnel-agent@0.4.3
49 silly idealTree +-- tweetnacl@0.14.5
49 silly idealTree +-- typedarray@0.0.6
49 silly idealTree +-- typescript@2.3.3
49 silly idealTree +-- typings-core@1.6.1
49 silly idealTree | +-- minimist@0.0.8
49 silly idealTree | `-- mkdirp@0.5.1
49 silly idealTree +-- typings@1.5.0
49 silly idealTree | +-- ansi-regex@2.1.1
49 silly idealTree | +-- ansi-styles@2.2.1
49 silly idealTree | +-- bluebird@3.5.0
49 silly idealTree | +-- chalk@1.1.3
49 silly idealTree | +-- has-ansi@2.0.0
49 silly idealTree | +-- strip-ansi@3.0.1
49 silly idealTree | +-- supports-color@2.0.0
49 silly idealTree | `-- wordwrap@1.0.0
49 silly idealTree +-- ua-parser-js@0.7.12
49 silly idealTree +-- ultron@1.0.2
49 silly idealTree +-- unc-path-regex@0.1.2
49 silly idealTree +-- underscore.string@3.3.4
49 silly idealTree +-- underscore@1.7.0
49 silly idealTree +-- universalify@0.1.0
49 silly idealTree +-- unpipe@1.0.0
49 silly idealTree +-- unzip-response@1.0.2
49 silly idealTree +-- update-notifier@1.0.3
49 silly idealTree | +-- ansi-regex@2.1.1
49 silly idealTree | +-- ansi-styles@2.2.1
49 silly idealTree | +-- chalk@1.1.3
49 silly idealTree | +-- has-ansi@2.0.0
49 silly idealTree | +-- strip-ansi@3.0.1
49 silly idealTree | `-- supports-color@2.0.0
49 silly idealTree +-- url-parse-lax@1.0.0
49 silly idealTree +-- user-home@1.1.1
49 silly idealTree +-- username-sync@1.0.1
49 silly idealTree +-- util-deprecate@1.0.2
49 silly idealTree +-- utils-merge@1.0.0
49 silly idealTree +-- uuid@2.0.3
49 silly idealTree +-- valid-url@1.0.9
49 silly idealTree +-- validate-npm-package-license@3.0.1
49 silly idealTree +-- verror@1.3.6
49 silly idealTree +-- vlq@0.2.2
49 silly idealTree +-- walk-sync@0.3.1
49 silly idealTree +-- wcwidth@1.0.1
49 silly idealTree +-- weinre@2.0.0-pre-I0Z7U9OV
49 silly idealTree +-- when@3.7.8
49 silly idealTree +-- which-module@1.0.0
49 silly idealTree +-- widest-line@1.0.0
49 silly idealTree +-- window-size@0.1.4
49 silly idealTree +-- winston@2.3.1
49 silly idealTree | +-- async@1.0.0
49 silly idealTree | `-- colors@1.0.3
49 silly idealTree +-- wordwrap@0.0.3
49 silly idealTree +-- wrap-ansi@2.1.0
49 silly idealTree | +-- ansi-regex@2.1.1
49 silly idealTree | `-- strip-ansi@3.0.1
49 silly idealTree +-- wrappy@1.0.2
49 silly idealTree +-- write-file-atomic@1.3.4
49 silly idealTree +-- ws@1.1.1
49 silly idealTree +-- wtf-8@1.0.0
49 silly idealTree +-- xdg-basedir@2.0.0
49 silly idealTree +-- xmlhttprequest-ssl@1.5.3
49 silly idealTree +-- xtend@4.0.1
49 silly idealTree +-- y18n@3.2.1
49 silly idealTree +-- yargs-parser@4.2.1
49 silly idealTree | `-- camelcase@3.0.0
49 silly idealTree +-- yargs@6.4.0
49 silly idealTree | +-- camelcase@3.0.0
49 silly idealTree | `-- window-size@0.2.0
49 silly idealTree +-- yeast@0.1.2
49 silly idealTree +-- zip-object@0.1.0
49 silly idealTree `-- zone.js@0.6.26
50 silly generateActionsToTake Starting
51 silly install generateActionsToTake
52 silly generateActionsToTake Finishing
53 silly diffTrees action count 0
54 silly decomposeActions action count 0
55 silly runTopLevelLifecycles Starting
56 silly install runPreinstallTopLevelLifecycles
57 silly preinstall product-management@1.0.0 D:\js\Angular2\product-management-dcf4a6b7
58 info lifecycle product-management@1.0.0~preinstall: product-management@1.0.0
59 silly lifecycle product-management@1.0.0~preinstall: no script for preinstall, continuing
60 silly executeActions Starting
61 silly install executeActions
62 silly doSerial global-install 0
63 silly doParallel fetch 0
64 verbose correctMkdir C:\Users\ahussein\AppData\Roaming\npm-cache\_locks correctMkdir not in flight; initializing
65 verbose lock using C:\Users\ahussein\AppData\Roaming\npm-cache\_locks\staging-9e4a6a1ec14bdd95.lock for D:\js\Angular2\node_modules\.staging
66 silly doParallel extract 0
67 silly doParallel preinstall 0
68 silly doReverseSerial remove 0
69 silly doSerial move 0
70 silly doSerial finalize 0
71 silly doSerial build 0
72 silly doSerial global-link 0
73 silly doParallel update-linked 0
74 silly doSerial install 0
75 silly doSerial postinstall 0
76 verbose unlock done using C:\Users\ahussein\AppData\Roaming\npm-cache\_locks\staging-9e4a6a1ec14bdd95.lock for D:\js\Angular2\node_modules\.staging
77 silly executeActions Finishing
78 silly rollbackFailedOptional Starting
79 silly rollbackFailedOptional Finishing
80 silly install runPostinstallTopLevelLifecycles
81 silly build product-management@1.0.0
82 info linkStuff product-management@1.0.0
83 silly linkStuff product-management@1.0.0 has D:\js as its parent node_modules
84 verbose linkBins product-management@1.0.0
85 verbose linkMans product-management@1.0.0
86 silly install product-management@1.0.0 D:\js\Angular2\product-management-dcf4a6b7
87 info lifecycle product-management@1.0.0~install: product-management@1.0.0
88 silly lifecycle product-management@1.0.0~install: no script for install, continuing
89 silly postinstall product-management@1.0.0 D:\js\Angular2\product-management-dcf4a6b7
90 info lifecycle product-management@1.0.0~postinstall: product-management@1.0.0
91 verbose lifecycle product-management@1.0.0~postinstall: unsafe-perm in lifecycle true
92 verbose lifecycle product-management@1.0.0~postinstall: PATH: C:\Users\ahussein\.webclipse\npm\3.10.10\bin\node-gyp-bin;D:\js\Angular2\node_modules\.bin;C:\Users\ahussein\.webclipse\npm\3.10.10\bin;D:\js\Angular2\node_modules\angular-ide\bin;C:\Users\ahussein\.webclipse\nodejs\7.10.0;C:\Users\ahussein\bin;C:\Program Files\Git\mingw64\bin;C:\Program Files\Git\usr\local\bin;C:\Program Files\Git\usr\bin;C:\Program Files\Git\usr\bin;C:\Program Files\Git\mingw64\bin;C:\Program Files\Git\usr\bin;C:\Users\ahussein\bin;C:\Program Files\Java\jre1.8.0_131\bin\server;C:\Program Files\Java\jre1.8.0_131\bin;C:\Program Files\Java\jre1.8.0_131\lib\amd64;C:\oraclexe\app\oracle\product\11.2.0\server\bin;C:\ProgramData\Oracle\Java\javapath;C:\Windows\system32;C:\Windows;C:\Windows\System32\Wbem;C:\Windows\System32\WindowsPowerShell\v1.0;C:\Program Files (x86)\Skype\Phone;C:\Program Files\TortoiseSVN\bin;C:\Program Files\Git\cmd;C:\apache-maven-3.5.0\bin;C:\gradle-2.3\bin;C:\cobertura-2.1.1;C:\Program Files\nodejs;C:\Users\ahussein\AppData\Roaming\npm;D:\tools\eclipse;C:\Program Files\Git\usr\bin\vendor_perl;C:\Program Files\Git\usr\bin\core_perl;D:\js\Angular2\node_modules\.bin
93 verbose lifecycle product-management@1.0.0~postinstall: CWD: D:\js\Angular2
94 silly lifecycle product-management@1.0.0~postinstall: Args: [ '/d /s /c', 'typings install' ]
95 silly lifecycle product-management@1.0.0~postinstall: Returned: code: 1  signal: null
96 info lifecycle product-management@1.0.0~postinstall: Failed to exec postinstall script
97 warn optional SKIPPING OPTIONAL DEPENDENCY: fsevents@^1.0.0 (node_modules\angular-ide\node_modules\chokidar\node_modules\fsevents):
98 warn notsup SKIPPING OPTIONAL DEPENDENCY: Unsupported platform for fsevents@1.1.1: wanted {"os":"darwin","arch":"any"} (current: {"os":"win32","arch":"x64"})
99 verbose notsup SKIPPING OPTIONAL DEPENDENCY: Valid OS:    darwin
99 verbose notsup SKIPPING OPTIONAL DEPENDENCY: Valid Arch:  any
99 verbose notsup SKIPPING OPTIONAL DEPENDENCY: Actual OS:   win32
99 verbose notsup SKIPPING OPTIONAL DEPENDENCY: Actual Arch: x64
100 warn optional SKIPPING OPTIONAL DEPENDENCY: fsevents@^1.0.0 (node_modules\chokidar\node_modules\fsevents):
101 warn notsup SKIPPING OPTIONAL DEPENDENCY: Unsupported platform for fsevents@1.1.1: wanted {"os":"darwin","arch":"any"} (current: {"os":"win32","arch":"x64"})
102 verbose notsup SKIPPING OPTIONAL DEPENDENCY: Valid OS:    darwin
102 verbose notsup SKIPPING OPTIONAL DEPENDENCY: Valid Arch:  any
102 verbose notsup SKIPPING OPTIONAL DEPENDENCY: Actual OS:   win32
102 verbose notsup SKIPPING OPTIONAL DEPENDENCY: Actual Arch: x64
103 verbose stack Error: product-management@1.0.0 postinstall: `typings install`
103 verbose stack Exit status 1
103 verbose stack     at EventEmitter.<anonymous> (C:\Users\ahussein\.webclipse\npm\3.10.10\lib\utils\lifecycle.js:255:16)
103 verbose stack     at emitTwo (events.js:106:13)
103 verbose stack     at EventEmitter.emit (events.js:194:7)
103 verbose stack     at ChildProcess.<anonymous> (C:\Users\ahussein\.webclipse\npm\3.10.10\lib\utils\spawn.js:40:14)
103 verbose stack     at emitTwo (events.js:106:13)
103 verbose stack     at ChildProcess.emit (events.js:194:7)
103 verbose stack     at maybeClose (internal/child_process.js:899:16)
103 verbose stack     at Process.ChildProcess._handle.onexit (internal/child_process.js:226:5)
104 verbose pkgid product-management@1.0.0
105 verbose cwd D:\js\Angular2
106 error Windows_NT 6.3.9600
107 error argv "C:\\Users\\ahussein\\.webclipse\\nodejs\\7.10.0\\node.exe" "C:\\Users\\ahussein\\.webclipse\\npm\\3.10.10\\bin\\npm-cli.js" "install"
108 error node v7.10.0
109 error npm  v3.10.10
110 error code ELIFECYCLE
111 error product-management@1.0.0 postinstall: `typings install`
111 error Exit status 1
112 error Failed at the product-management@1.0.0 postinstall script 'typings install'.
112 error Make sure you have the latest version of node.js and npm installed.
112 error If you do, this is most likely a problem with the product-management package,
112 error not with npm itself.
112 error Tell the author that this fails on your system:
112 error     typings install
112 error You can get information on how to open an issue for this project with:
112 error     npm bugs product-management
112 error Or if that isn't available, you can get their info via:
112 error     npm owner ls product-management
112 error There is likely additional logging output above.
113 verbose exit [ 1, true ]
